13:37:24.858 [main                     ] DEBUG Logger               - Configured Logger
13:37:24.878 [main                     ] DEBUG GameApplication      - Logging settings
Title: Tower Defense
Version: 0.0
Width: 1200
Height: 900
Fullscreen: false
Intro: false
Profiling: false
Single step:false
App Mode: DEVELOPER
Menu Key: ESCAPE
Stage Style: DECORATED
Scene Factory: class com.almasb.fxgl.app.scene.SceneFactory

13:37:25.160 [JavaFX Application Thread] DEBUG FXGLApplication      - Initializing FXGL
13:37:25.163 [JavaFX Application Thread] INFO  Engine               - FXGL-21 (28.12.2023 13.35) on WINDOWS (J:21.0.1 FX:20.0.1)
13:37:25.164 [JavaFX Application Thread] DEBUG Engine               - JRE Vendor Name: Oracle Corporation
13:37:25.164 [JavaFX Application Thread] DEBUG Engine               - Running on OS: Windows 11 version 10.0
13:37:25.164 [JavaFX Application Thread] DEBUG Engine               - Architecture: amd64
13:37:25.164 [JavaFX Application Thread] INFO  Engine               - Source code and latest versions at: https://github.com/AlmasB/FXGL
13:37:25.164 [JavaFX Application Thread] INFO  Engine               -       Ask questions and discuss at: https://github.com/AlmasB/FXGL/discussions
13:37:25.164 [JavaFX Application Thread] INFO  Engine               -              Join the FXGL chat at: https://gitter.im/AlmasB/FXGL
13:37:25.258 [JavaFX Application Thread] DEBUG PrimaryStageWindow   - Creating a JavaFX scene
13:37:25.258 [JavaFX Application Thread] DEBUG PrimaryStageWindow   - Target size > screen size
13:37:25.296 [JavaFX Application Thread] DEBUG PrimaryStageWindow   - Target settings size: 1200.0 x 900.0
13:37:25.296 [JavaFX Application Thread] DEBUG PrimaryStageWindow   - Scaled scene size:    1155.0 x 885.0
13:37:25.296 [JavaFX Application Thread] DEBUG PrimaryStageWindow   - Scaled ratio: (0.9625, 0.9833333333333333)
13:37:25.298 [JavaFX Application Thread] DEBUG PrimaryStageWindow   - Set initial scene to FXGLStartupScene
13:37:25.300 [JavaFX Application Thread] DEBUG PrimaryStageWindow   - Opening main window
13:37:25.366 [JavaFX Application Thread] DEBUG PrimaryStageWindow   - Window border size: (15.0, 37.66668701171875)
13:37:25.367 [JavaFX Application Thread] DEBUG PrimaryStageWindow   - Scaled size: 1155.0 x 885.0
13:37:25.367 [JavaFX Application Thread] DEBUG PrimaryStageWindow   - Scaled ratio: (0.9625, 0.9833333333333333)
13:37:25.367 [JavaFX Application Thread] DEBUG PrimaryStageWindow   - Scene size: 1155.0 x 885.0
13:37:25.367 [JavaFX Application Thread] DEBUG PrimaryStageWindow   - Stage size: 1170.0 x 922.6666870117188
13:37:25.374 [FXGL Background Thread 1 ] DEBUG Engine               - Initializing environment variables
13:37:25.426 [FXGL Background Thread 1 ] DEBUG FXGLAssetLoaderServi - User app class for loading assets: class G12.main.App
13:37:25.426 [FXGL Background Thread 1 ] DEBUG GameApplicationServi - Applying CSS: fxgl_dark.css
13:37:25.427 [FXGL Background Thread 1 ] DEBUG FXGLAssetLoaderServi - Loading from file system: jar:file:/C:/Users/mads2/.m2/repository/com/github/almasb/fxgl/21/fxgl-21.jar!/fxglassets/ui/css/fxgl_dark.css
13:37:25.467 [FXGL Background Thread 1 ] DEBUG GameApplicationServi - Initializing application scenes
13:37:25.498 [FXGL Background Thread 1 ] DEBUG GameWorld            - Game world initialized
13:37:25.548 [FXGL Background Thread 1 ] DEBUG PhysicsWorld         - Physics world initialized: appHeight=900, physics.ppm=50,0
13:37:25.548 [FXGL Background Thread 1 ] DEBUG PhysicsWorld         - Using strategy: BRUTE_FORCE
13:37:25.552 [FXGL Background Thread 1 ] DEBUG GameScene            - Game scene initialized: 1200x900
13:37:25.562 [FXGL Background Thread 1 ] DEBUG FXGL.DefaultMenu     - createMenuBodyGameMenu()
13:37:25.575 [FXGL Background Thread 1 ] DEBUG FXGL.DefaultMenu     - createOptionsMenu()
13:37:25.582 [FXGL Background Thread 1 ] DEBUG FXGLAssetLoaderServi - Loading from file system: jar:file:/C:/Users/mads2/.m2/repository/com/github/almasb/fxgl/21/fxgl-21.jar!/fxglassets/textures/particles/smoke.png
13:37:25.666 [FXGL Background Thread 1 ] DEBUG FXGLAssetLoaderServi - Loading from file system: jar:file:/C:/Users/mads2/.m2/repository/com/github/almasb/fxgl/21/fxgl-21.jar!/fxglassets/textures/particles/trace_horizontal.png
13:37:25.691 [FXGL Background Thread 1 ] DEBUG GameApplicationServi - Application scenes initialized
13:37:25.702 [FXGL Background Thread 1 ] DEBUG SystemBundleService  - Loading FXGL system data
13:37:25.706 [FXGL Background Thread 1 ] DEBUG FileSystemAccess     - Reading from: C:\Users\mads2\OneDrive - Danmarks Tekniske Universitet\5. Semester\Distributed Applications\IntelliJ-Workspace\MultiplayerTD\system\fxgl.bundle
13:37:25.713 [FXGL Background Thread 1 ] DEBUG SystemBundleService  - Bundle FXGL: {}
13:37:25.714 [FXGL Background Thread 1 ] DEBUG UpdaterService       - Checking for updates
13:37:25.717 [FXGL Background Thread 4 ] DEBUG FXGLApplication      - Loading fonts
13:37:25.718 [FXGL Background Thread 4 ] DEBUG FXGLAssetLoaderServi - Loading from file system: jar:file:/C:/Users/mads2/.m2/repository/com/github/almasb/fxgl/21/fxgl-21.jar!/fxglassets/ui/fonts/VarelaRound-Regular.ttf
13:37:25.718 [FXGL Background Thread 1 ] DEBUG FXGLApplication      - Loading default localization
13:37:25.718 [FXGL Background Thread 1 ] DEBUG FXGLAssetLoaderServi - Loading from file system: jar:file:/C:/Users/mads2/.m2/repository/com/github/almasb/fxgl/21/fxgl-21.jar!/fxglassets/languages/english.lang
13:37:25.739 [FXGL Background Thread 1 ] INFO  FXGLApplication      - FXGL initialization took: 0,365 sec
13:37:25.740 [JavaFX Application Thread] DEBUG FXGLAssetLoaderServi - Loading from file system: jar:file:/C:/Users/mads2/.m2/repository/com/github/almasb/fxgl/21/fxgl-21.jar!/fxglassets/textures/fxgl_icon.png
13:37:25.748 [FXGL Background Thread 4 ] DEBUG FXGLAssetLoaderServi - Loading from file system: jar:file:/C:/Users/mads2/.m2/repository/com/github/almasb/fxgl/21/fxgl-21.jar!/fxglassets/ui/fonts/Abel-Regular.ttf
13:37:25.758 [FXGL Background Thread 4 ] DEBUG FXGLAssetLoaderServi - Loading from file system: jar:file:/C:/Users/mads2/.m2/repository/com/github/almasb/fxgl/21/fxgl-21.jar!/fxglassets/ui/fonts/TerminalLandMono-Regular.otf
13:37:25.760 [JavaFX Application Thread] DEBUG FXGLAssetLoaderServi - Loading from file system: jar:file:/C:/Users/mads2/.m2/repository/com/github/almasb/fxgl/21/fxgl-21.jar!/fxglassets/textures/fxgl_default_cursor.png
13:37:25.765 [FXGL Background Thread 4 ] DEBUG FXGLAssetLoaderServi - Loading from file system: jar:file:/C:/Users/mads2/.m2/repository/com/github/almasb/fxgl/21/fxgl-21.jar!/fxglassets/ui/fonts/Courier-Prime.ttf
13:37:25.771 [JavaFX Application Thread] DEBUG Input                - Registered new binding: Screenshot - CTRL+8
13:37:25.771 [JavaFX Application Thread] DEBUG Input                - Registered new binding: System info dump - CTRL+9
13:37:25.771 [JavaFX Application Thread] DEBUG Input                - Registered new binding: Restart - CTRL+R
13:37:25.771 [JavaFX Application Thread] DEBUG Input                - Registered new binding: Toggle Debug Camera - CTRL+7
13:37:25.774 [JavaFX Application Thread] DEBUG LoopRunner           - Starting loop
13:37:25.774 [JavaFX Application Thread] DEBUG LoopRunner           - Initializing JavaFX AnimationTimerLoop
13:37:25.776 [JavaFX Application Thread] DEBUG GameApplicationServi - Starting new game
13:37:25.776 [JavaFX Application Thread] DEBUG Input                - Clearing active input actions
13:37:25.785 [JavaFX Application Thread] DEBUG GameApplicationServi - Removing overlay from FXGLStartupScene and adding to FXGLLoadingScene
13:37:25.785 [JavaFX Application Thread] DEBUG PrimaryStageWindow   - FXGLStartupScene -> FXGLLoadingScene
13:37:25.785 [JavaFX Application Thread] DEBUG GameApplicationServi - Clearing previous game
13:37:25.786 [JavaFX Application Thread] DEBUG GameScene            - Clearing game scene
13:37:25.786 [JavaFX Application Thread] DEBUG GameWorld            - Clearing game world
13:37:25.786 [JavaFX Application Thread] DEBUG PhysicsWorld         - Clearing physics world
13:37:25.787 [JavaFX Application Thread] DEBUG FXGLApplication      - Registering font factories with UI factory
13:37:25.787 [FXGL Background Thread 4 ] DEBUG FXGLApplication      - Initializing game
13:37:25.789 [FXGL Background Thread 4 ] DEBUG Input                - Registered new binding: Print Line - LMB
13:37:25.790 [FXGL Background Thread 4 ] DEBUG Input                - Registered new binding: Type Switch - T
13:37:25.791 [FXGL Background Thread 4 ] INFO  FXGLApplication      - Game initialization took: 0,004 sec
13:37:25.823 [JavaFX Application Thread] DEBUG Input                - Clearing active input actions
13:37:25.838 [JavaFX Application Thread] DEBUG GameApplicationServi - Removing overlay from FXGLLoadingScene and adding to GameScene
13:37:25.839 [JavaFX Application Thread] DEBUG PrimaryStageWindow   - FXGLLoadingScene -> GameScene
13:37:28.717 [FXGL Background Thread 3 ] DEBUG Engine               - Logging environment variables
13:37:28.717 [FXGL Background Thread 3 ] DEBUG Engine               - achievements: []
13:37:28.717 [FXGL Background Thread 3 ] DEBUG Engine               - actualHeight: 885.0
13:37:28.717 [FXGL Background Thread 3 ] DEBUG Engine               - actualHeightProperty: ReadOnlyDoubleProperty [value: 885.0]
13:37:28.718 [FXGL Background Thread 3 ] DEBUG Engine               - actualWidth: 1155.0
13:37:28.718 [FXGL Background Thread 3 ] DEBUG Engine               - actualWidthProperty: ReadOnlyDoubleProperty [value: 1155.0]
13:37:28.718 [FXGL Background Thread 3 ] DEBUG Engine               - appIcon: fxgl_icon.png
13:37:28.718 [FXGL Background Thread 3 ] DEBUG Engine               - applicationMode: DEVELOPER
13:37:28.718 [FXGL Background Thread 3 ] DEBUG Engine               - cSSList: [fxgl_dark.css]
13:37:28.718 [FXGL Background Thread 3 ] DEBUG Engine               - collisionDetectionStrategy: BRUTE_FORCE
13:37:28.718 [FXGL Background Thread 3 ] DEBUG Engine               - configClass: Optional.empty
13:37:28.718 [FXGL Background Thread 3 ] DEBUG Engine               - credits: []
13:37:28.718 [FXGL Background Thread 3 ] DEBUG Engine               - defaultCursor: CursorInfo(imageName=fxgl_default_cursor.png, hotspotX=7.0, hotspotY=6.0)
13:37:28.718 [FXGL Background Thread 3 ] DEBUG Engine               - devBBoxColorProperty: ObjectProperty [value: 0xff0000ff]
13:37:28.718 [FXGL Background Thread 3 ] DEBUG Engine               - devEnableDebugCameraProperty: BooleanProperty [value: false]
13:37:28.718 [FXGL Background Thread 3 ] DEBUG Engine               - devSensorColorProperty: ObjectProperty [value: 0xffff00ff]
13:37:28.718 [FXGL Background Thread 3 ] DEBUG Engine               - devShowBBoxProperty: BooleanProperty [value: false]
13:37:28.719 [FXGL Background Thread 3 ] DEBUG Engine               - devShowPositionProperty: BooleanProperty [value: false]
13:37:28.719 [FXGL Background Thread 3 ] DEBUG Engine               - enabledMenuItems: []
13:37:28.719 [FXGL Background Thread 3 ] DEBUG Engine               - engineServices: [class com.almasb.fxgl.app.services.FXGLAssetLoaderService, class com.almasb.fxgl.app.FXGLApplication$GameApplicationService, class com.almasb.fxgl.app.services.FXGLDialogService, class com.almasb.fxgl.app.services.IOTaskExecutorService, class com.almasb.fxgl.io.FileSystemService, class com.almasb.fxgl.localization.LocalizationService, class com.almasb.fxgl.app.services.SystemBundleService, class com.almasb.fxgl.profile.SaveLoadService, class com.almasb.fxgl.ui.FXGLUIFactoryServiceProvider, class com.almasb.fxgl.ui.FXGLDialogFactoryServiceProvider, class com.almasb.fxgl.audio.AudioPlayer, class com.almasb.fxgl.notification.impl.NotificationServiceProvider, class com.almasb.fxgl.achievement.AchievementService, class com.almasb.fxgl.cutscene.CutsceneService, class com.almasb.fxgl.minigames.MiniGameService, class com.almasb.fxgl.net.NetService, class com.almasb.fxgl.app.services.UpdaterService, class com.almasb.fxgl.dev.DevService]
13:37:28.719 [FXGL Background Thread 3 ] DEBUG Engine               - fontGame: Abel-Regular.ttf
13:37:28.719 [FXGL Background Thread 3 ] DEBUG Engine               - fontMono: TerminalLandMono-Regular.otf
13:37:28.719 [FXGL Background Thread 3 ] DEBUG Engine               - fontSizeScaleUI: 1.0
13:37:28.719 [FXGL Background Thread 3 ] DEBUG Engine               - fontText: Courier-Prime.ttf
13:37:28.719 [FXGL Background Thread 3 ] DEBUG Engine               - fontUI: VarelaRound-Regular.ttf
13:37:28.719 [FXGL Background Thread 3 ] DEBUG Engine               - fullScreen: BooleanProperty [value: false]
13:37:28.719 [FXGL Background Thread 3 ] DEBUG Engine               - gameDifficulty: MEDIUM
13:37:28.719 [FXGL Background Thread 3 ] DEBUG Engine               - gameDifficultyProperty: ObjectProperty [value: MEDIUM]
13:37:28.719 [FXGL Background Thread 3 ] DEBUG Engine               - globalMusicVolume: 0.5
13:37:28.719 [FXGL Background Thread 3 ] DEBUG Engine               - globalMusicVolumeProperty: DoubleProperty [value: 0.5]
13:37:28.719 [FXGL Background Thread 3 ] DEBUG Engine               - globalSoundVolume: 0.5
13:37:28.719 [FXGL Background Thread 3 ] DEBUG Engine               - globalSoundVolumeProperty: DoubleProperty [value: 0.5]
13:37:28.719 [FXGL Background Thread 3 ] DEBUG Engine               - height: 900
13:37:28.719 [FXGL Background Thread 3 ] DEBUG Engine               - is3D: false
13:37:28.719 [FXGL Background Thread 3 ] DEBUG Engine               - isAndroid: false
13:37:28.719 [FXGL Background Thread 3 ] DEBUG Engine               - isBrowser: false
13:37:28.719 [FXGL Background Thread 3 ] DEBUG Engine               - isClickFeedbackEnabled: false
13:37:28.719 [FXGL Background Thread 3 ] DEBUG Engine               - isCloseConfirmation: false
13:37:28.720 [FXGL Background Thread 3 ] DEBUG Engine               - isDesktop: true
13:37:28.720 [FXGL Background Thread 3 ] DEBUG Engine               - isDeveloperMenuEnabled: false
13:37:28.720 [FXGL Background Thread 3 ] DEBUG Engine               - isEmbedded: false
13:37:28.720 [FXGL Background Thread 3 ] DEBUG Engine               - isEntityPreloadEnabled: true
13:37:28.720 [FXGL Background Thread 3 ] DEBUG Engine               - isExperimentalTiledLargeMap: false
13:37:28.720 [FXGL Background Thread 3 ] DEBUG Engine               - isFileSystemWriteAllowed: true
13:37:28.720 [FXGL Background Thread 3 ] DEBUG Engine               - isFullScreenAllowed: false
13:37:28.720 [FXGL Background Thread 3 ] DEBUG Engine               - isFullScreenFromStart: false
13:37:28.720 [FXGL Background Thread 3 ] DEBUG Engine               - isGameMenuEnabled: true
13:37:28.720 [FXGL Background Thread 3 ] DEBUG Engine               - isIOS: false
13:37:28.720 [FXGL Background Thread 3 ] DEBUG Engine               - isIntroEnabled: false
13:37:28.720 [FXGL Background Thread 3 ] DEBUG Engine               - isLinux: false
13:37:28.720 [FXGL Background Thread 3 ] DEBUG Engine               - isMac: false
13:37:28.720 [FXGL Background Thread 3 ] DEBUG Engine               - isMainMenuEnabled: false
13:37:28.720 [FXGL Background Thread 3 ] DEBUG Engine               - isManualResizeEnabled: false
13:37:28.720 [FXGL Background Thread 3 ] DEBUG Engine               - isMobile: false
13:37:28.720 [FXGL Background Thread 3 ] DEBUG Engine               - isNative: false
13:37:28.720 [FXGL Background Thread 3 ] DEBUG Engine               - isPauseMusicWhenMinimized: true
13:37:28.720 [FXGL Background Thread 3 ] DEBUG Engine               - isPreserveResizeRatio: false
13:37:28.721 [FXGL Background Thread 3 ] DEBUG Engine               - isProfilingEnabled: false
13:37:28.721 [FXGL Background Thread 3 ] DEBUG Engine               - isScaleAffectedOnResize: true
13:37:28.721 [FXGL Background Thread 3 ] DEBUG Engine               - isSingleStep: false
13:37:28.721 [FXGL Background Thread 3 ] DEBUG Engine               - isUserProfileEnabled: false
13:37:28.721 [FXGL Background Thread 3 ] DEBUG Engine               - isWindows: true
13:37:28.721 [FXGL Background Thread 3 ] DEBUG Engine               - language: ObjectProperty [value: ENGLISH]
13:37:28.721 [FXGL Background Thread 3 ] DEBUG Engine               - menuKey: ESCAPE
13:37:28.721 [FXGL Background Thread 3 ] DEBUG Engine               - mouseSensitivity: 0.2
13:37:28.721 [FXGL Background Thread 3 ] DEBUG Engine               - notificationViewClass: class com.almasb.fxgl.notification.view.XboxNotificationView
13:37:28.721 [FXGL Background Thread 3 ] DEBUG Engine               - pixelsPerMeter: 50.0
13:37:28.721 [FXGL Background Thread 3 ] DEBUG Engine               - platform: WINDOWS
13:37:28.721 [FXGL Background Thread 3 ] DEBUG Engine               - prefHeightProperty: ReadOnlyDoubleProperty [value: 900.0]
13:37:28.721 [FXGL Background Thread 3 ] DEBUG Engine               - prefWidthProperty: ReadOnlyDoubleProperty [value: 1200.0]
13:37:28.721 [FXGL Background Thread 3 ] DEBUG Engine               - profileDir: profiles/
13:37:28.721 [FXGL Background Thread 3 ] DEBUG Engine               - profileName: StringProperty [value: DEFAULT]
13:37:28.721 [FXGL Background Thread 3 ] DEBUG Engine               - randomSeed: -1
13:37:28.721 [FXGL Background Thread 3 ] DEBUG Engine               - runtimeInfo: RuntimeInfo(platform=WINDOWS, version=21, build=28.12.2023 13.35)
13:37:28.721 [FXGL Background Thread 3 ] DEBUG Engine               - saveFileExt: sav
13:37:28.721 [FXGL Background Thread 3 ] DEBUG Engine               - scaledHeightProp$fxgl: DoubleProperty [bound, value: 885.0]
13:37:28.721 [FXGL Background Thread 3 ] DEBUG Engine               - scaledWidthProp$fxgl: DoubleProperty [bound, value: 1155.0]
13:37:28.721 [FXGL Background Thread 3 ] DEBUG Engine               - sceneFactory: com.almasb.fxgl.app.scene.SceneFactory@6006c4c3
13:37:28.721 [FXGL Background Thread 3 ] DEBUG Engine               - secondsIn24h: 60
13:37:28.721 [FXGL Background Thread 3 ] DEBUG Engine               - soundMenuBack: menu/back.wav
13:37:28.721 [FXGL Background Thread 3 ] DEBUG Engine               - soundMenuPress: menu/press.wav
13:37:28.721 [FXGL Background Thread 3 ] DEBUG Engine               - soundMenuSelect: menu/select.wav
13:37:28.721 [FXGL Background Thread 3 ] DEBUG Engine               - soundNotification: core/notification.wav
13:37:28.721 [FXGL Background Thread 3 ] DEBUG Engine               - stageStyle: DECORATED
13:37:28.721 [FXGL Background Thread 3 ] DEBUG Engine               - supportedLanguages: [ENGLISH, FRENCH, GERMAN, HUNGARIAN, RUSSIAN]
13:37:28.723 [FXGL Background Thread 3 ] DEBUG Engine               - ticksPerSecond: -1
13:37:28.723 [FXGL Background Thread 3 ] DEBUG Engine               - title: Tower Defense
13:37:28.723 [FXGL Background Thread 3 ] DEBUG Engine               - urlGithub: https://github.com/AlmasB/FXGL
13:37:28.723 [FXGL Background Thread 3 ] DEBUG Engine               - urlLeaderboard: http://fxgl-top.herokuapp.com/
13:37:28.723 [FXGL Background Thread 3 ] DEBUG Engine               - urlPOM: https://raw.githubusercontent.com/AlmasB/FXGL/release/README.md
13:37:28.723 [FXGL Background Thread 3 ] DEBUG Engine               - userAppClass: class G12.main.App
13:37:28.723 [FXGL Background Thread 3 ] DEBUG Engine               - version: 0.0
13:37:28.723 [FXGL Background Thread 3 ] DEBUG Engine               - versionCheckDays: 7
13:37:28.723 [FXGL Background Thread 3 ] DEBUG Engine               - width: 1200
13:37:28.723 [FXGL Background Thread 3 ] DEBUG Engine               - Logging services
13:37:28.723 [FXGL Background Thread 3 ] DEBUG Engine               - class com.almasb.fxgl.app.services.FXGLAssetLoaderService
13:37:28.723 [FXGL Background Thread 3 ] DEBUG Engine               - class com.almasb.fxgl.app.FXGLApplication$GameApplicationService
13:37:28.723 [FXGL Background Thread 3 ] DEBUG Engine               - class com.almasb.fxgl.app.services.FXGLDialogService
13:37:28.723 [FXGL Background Thread 3 ] DEBUG Engine               - class com.almasb.fxgl.app.services.IOTaskExecutorService
13:37:28.723 [FXGL Background Thread 3 ] DEBUG Engine               - class com.almasb.fxgl.io.FileSystemService
13:37:28.723 [FXGL Background Thread 3 ] DEBUG Engine               - class com.almasb.fxgl.localization.LocalizationService
13:37:28.723 [FXGL Background Thread 3 ] DEBUG Engine               - class com.almasb.fxgl.app.services.SystemBundleService
13:37:28.723 [FXGL Background Thread 3 ] DEBUG Engine               - class com.almasb.fxgl.profile.SaveLoadService
13:37:28.723 [FXGL Background Thread 3 ] DEBUG Engine               - class com.almasb.fxgl.ui.FXGLUIFactoryServiceProvider
13:37:28.723 [FXGL Background Thread 3 ] DEBUG Engine               - class com.almasb.fxgl.ui.FXGLDialogFactoryServiceProvider
13:37:28.723 [FXGL Background Thread 3 ] DEBUG Engine               - class com.almasb.fxgl.audio.AudioPlayer
13:37:28.723 [FXGL Background Thread 3 ] DEBUG Engine               - class com.almasb.fxgl.notification.impl.NotificationServiceProvider
13:37:28.723 [FXGL Background Thread 3 ] DEBUG Engine               - class com.almasb.fxgl.achievement.AchievementService
13:37:28.723 [FXGL Background Thread 3 ] DEBUG Engine               - class com.almasb.fxgl.cutscene.CutsceneService
13:37:28.723 [FXGL Background Thread 3 ] DEBUG Engine               - class com.almasb.fxgl.minigames.MiniGameService
13:37:28.723 [FXGL Background Thread 3 ] DEBUG Engine               - class com.almasb.fxgl.net.NetService
13:37:28.723 [FXGL Background Thread 3 ] DEBUG Engine               - class com.almasb.fxgl.app.services.UpdaterService
13:37:28.723 [FXGL Background Thread 3 ] DEBUG Engine               - class com.almasb.fxgl.dev.DevService
13:37:29.424 [JavaFX Application Thread] DEBUG FXGLAssetLoaderServi - Loading from file system: file:/C:/Users/mads2/OneDrive%20-%20Danmarks%20Tekniske%20Universitet/5.%20Semester/Distributed%20Applications/IntelliJ-Workspace/MultiplayerTD/target/classes/assets/textures/turrets/BasicTowerSprite.png
13:37:30.052 [JavaFX Application Thread] DEBUG FXGLAssetLoaderServi - Loading from file system: file:/C:/Users/mads2/OneDrive%20-%20Danmarks%20Tekniske%20Universitet/5.%20Semester/Distributed%20Applications/IntelliJ-Workspace/MultiplayerTD/target/classes/assets/textures/enemies/EnemyMK1Sprite.png
13:37:30.057 [JavaFX Application Thread] DEBUG Input                - Registered new binding: Dev_UP - W
13:37:30.058 [JavaFX Application Thread] DEBUG Input                - Registered new binding: Dev_DOWN - S
13:37:30.058 [JavaFX Application Thread] DEBUG Input                - Registered new binding: Dev_LEFT - A
13:37:30.058 [JavaFX Application Thread] DEBUG Input                - Registered new binding: Dev_RIGHT - D
13:37:30.383 [JavaFX Application Thread] DEBUG FXGLAssetLoaderServi - Loading from file system: file:/C:/Users/mads2/OneDrive%20-%20Danmarks%20Tekniske%20Universitet/5.%20Semester/Distributed%20Applications/IntelliJ-Workspace/MultiplayerTD/target/classes/assets/textures/bullets/NormalBulletSprite.png
13:38:01.025 [JavaFX Application Thread] DEBUG FXGLApplication      - Exiting FXGL
13:38:01.026 [JavaFX Application Thread] DEBUG LoopRunner           - Stopping loop
13:38:01.026 [JavaFX Application Thread] DEBUG SystemBundleService  - Saving FXGL system data
13:38:01.028 [JavaFX Application Thread] DEBUG FileSystemAccess     - Writing to: C:\Users\mads2\OneDrive - Danmarks Tekniske Universitet\5. Semester\Distributed Applications\IntelliJ-Workspace\MultiplayerTD\system\fxgl.bundle
13:38:01.029 [JavaFX Application Thread] DEBUG Async                - Shutting down background threads
13:38:01.029 [JavaFX Application Thread] DEBUG PrimaryStageWindow   - Closing main window
13:38:01.039 [JavaFX Application Thread] DEBUG Logger               - Closing Logger
