14:12:32.519 [main                     ] DEBUG Logger               - Configured Logger
14:12:32.570 [main                     ] DEBUG GameApplication      - Logging settings
Title: Tower Defense
Version: 0.0
Width: 1200
Height: 900
Fullscreen: false
Intro: false
Profiling: false
Single step:false
App Mode: DEVELOPER
Menu Key: ESCAPE
Stage Style: DECORATED
Scene Factory: class com.almasb.fxgl.app.scene.SceneFactory

14:12:33.285 [JavaFX Application Thread] DEBUG FXGLApplication      - Initializing FXGL
14:12:33.292 [JavaFX Application Thread] INFO  Engine               - FXGL-21 (28.12.2023 13.35) on WINDOWS (J:21.0.1 FX:20.0.1)
14:12:33.292 [JavaFX Application Thread] DEBUG Engine               - JRE Vendor Name: Oracle Corporation
14:12:33.293 [JavaFX Application Thread] DEBUG Engine               - Running on OS: Windows 11 version 10.0
14:12:33.293 [JavaFX Application Thread] DEBUG Engine               - Architecture: amd64
14:12:33.293 [JavaFX Application Thread] INFO  Engine               - Source code and latest versions at: https://github.com/AlmasB/FXGL
14:12:33.293 [JavaFX Application Thread] INFO  Engine               -       Ask questions and discuss at: https://github.com/AlmasB/FXGL/discussions
14:12:33.294 [JavaFX Application Thread] INFO  Engine               -              Join the FXGL chat at: https://gitter.im/AlmasB/FXGL
14:12:33.506 [JavaFX Application Thread] DEBUG PrimaryStageWindow   - Creating a JavaFX scene
14:12:33.508 [JavaFX Application Thread] DEBUG PrimaryStageWindow   - Target size > screen size
14:12:33.595 [JavaFX Application Thread] DEBUG PrimaryStageWindow   - Target settings size: 1200.0 x 900.0
14:12:33.597 [JavaFX Application Thread] DEBUG PrimaryStageWindow   - Scaled scene size:    1155.0 x 885.0
14:12:33.597 [JavaFX Application Thread] DEBUG PrimaryStageWindow   - Scaled ratio: (0.9625, 0.9833333333333333)
14:12:33.598 [JavaFX Application Thread] DEBUG PrimaryStageWindow   - Set initial scene to FXGLStartupScene
14:12:33.606 [JavaFX Application Thread] DEBUG PrimaryStageWindow   - Opening main window
14:12:33.755 [JavaFX Application Thread] DEBUG PrimaryStageWindow   - Window border size: (15.0, 37.66668701171875)
14:12:33.756 [JavaFX Application Thread] DEBUG PrimaryStageWindow   - Scaled size: 1155.0 x 885.0
14:12:33.756 [JavaFX Application Thread] DEBUG PrimaryStageWindow   - Scaled ratio: (0.9625, 0.9833333333333333)
14:12:33.757 [JavaFX Application Thread] DEBUG PrimaryStageWindow   - Scene size: 1155.0 x 885.0
14:12:33.757 [JavaFX Application Thread] DEBUG PrimaryStageWindow   - Stage size: 1170.0 x 922.6666870117188
14:12:33.770 [FXGL Background Thread 1 ] DEBUG Engine               - Initializing environment variables
14:12:33.867 [FXGL Background Thread 1 ] DEBUG FXGLAssetLoaderServi - User app class for loading assets: class G12.main.App
14:12:33.867 [FXGL Background Thread 1 ] DEBUG GameApplicationServi - Applying CSS: fxgl_dark.css
14:12:33.868 [FXGL Background Thread 1 ] DEBUG FXGLAssetLoaderServi - Loading from file system: jar:file:/C:/Users/mads2/.m2/repository/com/github/almasb/fxgl/21/fxgl-21.jar!/fxglassets/ui/css/fxgl_dark.css
14:12:33.944 [FXGL Background Thread 1 ] DEBUG GameApplicationServi - Initializing application scenes
14:12:34.009 [FXGL Background Thread 1 ] DEBUG GameWorld            - Game world initialized
14:12:34.151 [FXGL Background Thread 1 ] DEBUG PhysicsWorld         - Physics world initialized: appHeight=900, physics.ppm=50,0
14:12:34.151 [FXGL Background Thread 1 ] DEBUG PhysicsWorld         - Using strategy: BRUTE_FORCE
14:12:34.158 [FXGL Background Thread 1 ] DEBUG GameScene            - Game scene initialized: 1200x900
14:12:34.180 [FXGL Background Thread 1 ] DEBUG FXGL.DefaultMenu     - createMenuBodyGameMenu()
14:12:34.206 [FXGL Background Thread 1 ] DEBUG FXGL.DefaultMenu     - createOptionsMenu()
14:12:34.223 [FXGL Background Thread 1 ] DEBUG FXGLAssetLoaderServi - Loading from file system: jar:file:/C:/Users/mads2/.m2/repository/com/github/almasb/fxgl/21/fxgl-21.jar!/fxglassets/textures/particles/smoke.png
14:12:34.407 [FXGL Background Thread 1 ] DEBUG FXGLAssetLoaderServi - Loading from file system: jar:file:/C:/Users/mads2/.m2/repository/com/github/almasb/fxgl/21/fxgl-21.jar!/fxglassets/textures/particles/trace_horizontal.png
14:12:34.460 [FXGL Background Thread 1 ] DEBUG GameApplicationServi - Application scenes initialized
14:12:34.481 [FXGL Background Thread 1 ] DEBUG SystemBundleService  - Loading FXGL system data
14:12:34.488 [FXGL Background Thread 1 ] DEBUG FileSystemAccess     - Reading from: C:\Users\mads2\OneDrive - Danmarks Tekniske Universitet\5. Semester\Distributed Applications\IntelliJ-Workspace\MultiplayerTD\system\fxgl.bundle
14:12:34.504 [FXGL Background Thread 1 ] DEBUG SystemBundleService  - Bundle FXGL: {}
14:12:34.504 [FXGL Background Thread 1 ] DEBUG UpdaterService       - Checking for updates
14:12:34.511 [FXGL Background Thread 4 ] DEBUG FXGLApplication      - Loading fonts
14:12:34.512 [FXGL Background Thread 4 ] DEBUG FXGLAssetLoaderServi - Loading from file system: jar:file:/C:/Users/mads2/.m2/repository/com/github/almasb/fxgl/21/fxgl-21.jar!/fxglassets/ui/fonts/VarelaRound-Regular.ttf
14:12:34.513 [FXGL Background Thread 1 ] DEBUG FXGLApplication      - Loading default localization
14:12:34.514 [FXGL Background Thread 1 ] DEBUG FXGLAssetLoaderServi - Loading from file system: jar:file:/C:/Users/mads2/.m2/repository/com/github/almasb/fxgl/21/fxgl-21.jar!/fxglassets/languages/english.lang
14:12:34.549 [FXGL Background Thread 1 ] INFO  FXGLApplication      - FXGL initialization took: 0,779 sec
14:12:34.551 [JavaFX Application Thread] DEBUG FXGLAssetLoaderServi - Loading from file system: jar:file:/C:/Users/mads2/.m2/repository/com/github/almasb/fxgl/21/fxgl-21.jar!/fxglassets/textures/fxgl_icon.png
14:12:34.571 [FXGL Background Thread 4 ] DEBUG FXGLAssetLoaderServi - Loading from file system: jar:file:/C:/Users/mads2/.m2/repository/com/github/almasb/fxgl/21/fxgl-21.jar!/fxglassets/ui/fonts/Abel-Regular.ttf
14:12:34.588 [FXGL Background Thread 4 ] DEBUG FXGLAssetLoaderServi - Loading from file system: jar:file:/C:/Users/mads2/.m2/repository/com/github/almasb/fxgl/21/fxgl-21.jar!/fxglassets/ui/fonts/TerminalLandMono-Regular.otf
14:12:34.591 [JavaFX Application Thread] DEBUG FXGLAssetLoaderServi - Loading from file system: jar:file:/C:/Users/mads2/.m2/repository/com/github/almasb/fxgl/21/fxgl-21.jar!/fxglassets/textures/fxgl_default_cursor.png
14:12:34.605 [FXGL Background Thread 4 ] DEBUG FXGLAssetLoaderServi - Loading from file system: jar:file:/C:/Users/mads2/.m2/repository/com/github/almasb/fxgl/21/fxgl-21.jar!/fxglassets/ui/fonts/Courier-Prime.ttf
14:12:34.611 [JavaFX Application Thread] DEBUG Input                - Registered new binding: Screenshot - CTRL+8
14:12:34.612 [JavaFX Application Thread] DEBUG Input                - Registered new binding: System info dump - CTRL+9
14:12:34.612 [JavaFX Application Thread] DEBUG Input                - Registered new binding: Restart - CTRL+R
14:12:34.614 [JavaFX Application Thread] DEBUG Input                - Registered new binding: Toggle Debug Camera - CTRL+7
14:12:34.618 [JavaFX Application Thread] DEBUG LoopRunner           - Starting loop
14:12:34.619 [JavaFX Application Thread] DEBUG LoopRunner           - Initializing JavaFX AnimationTimerLoop
14:12:34.621 [JavaFX Application Thread] DEBUG GameApplicationServi - Starting new game
14:12:34.623 [JavaFX Application Thread] DEBUG Input                - Clearing active input actions
14:12:34.639 [JavaFX Application Thread] DEBUG GameApplicationServi - Removing overlay from FXGLStartupScene and adding to FXGLLoadingScene
14:12:34.640 [JavaFX Application Thread] DEBUG PrimaryStageWindow   - FXGLStartupScene -> FXGLLoadingScene
14:12:34.640 [JavaFX Application Thread] DEBUG GameApplicationServi - Clearing previous game
14:12:34.640 [JavaFX Application Thread] DEBUG GameScene            - Clearing game scene
14:12:34.640 [JavaFX Application Thread] DEBUG GameWorld            - Clearing game world
14:12:34.641 [JavaFX Application Thread] DEBUG PhysicsWorld         - Clearing physics world
14:12:34.643 [FXGL Background Thread 4 ] DEBUG FXGLApplication      - Initializing game
14:12:34.647 [FXGL Background Thread 4 ] DEBUG Input                - Registered new binding: Print Line - LMB
14:12:34.647 [FXGL Background Thread 4 ] DEBUG Input                - Registered new binding: Type Switch - T
14:12:34.649 [FXGL Background Thread 4 ] INFO  FXGLApplication      - Game initialization took: 0,006 sec
14:12:34.711 [JavaFX Application Thread] DEBUG FXGLApplication      - Registering font factories with UI factory
14:12:34.719 [JavaFX Application Thread] DEBUG Input                - Clearing active input actions
14:12:34.743 [JavaFX Application Thread] DEBUG GameApplicationServi - Removing overlay from FXGLLoadingScene and adding to GameScene
14:12:34.744 [JavaFX Application Thread] DEBUG PrimaryStageWindow   - FXGLLoadingScene -> GameScene
14:12:35.369 [JavaFX Application Thread] DEBUG FXGLAssetLoaderServi - Loading from file system: file:/C:/Users/mads2/OneDrive%20-%20Danmarks%20Tekniske%20Universitet/5.%20Semester/Distributed%20Applications/IntelliJ-Workspace/MultiplayerTD/target/classes/assets/textures/enemies/EnemyMK1Sprite.png
14:12:35.386 [JavaFX Application Thread] DEBUG Input                - Registered new binding: Dev_UP - W
14:12:35.388 [JavaFX Application Thread] DEBUG Input                - Registered new binding: Dev_DOWN - S
14:12:35.389 [JavaFX Application Thread] DEBUG Input                - Registered new binding: Dev_LEFT - A
14:12:35.390 [JavaFX Application Thread] DEBUG Input                - Registered new binding: Dev_RIGHT - D
14:12:36.118 [JavaFX Application Thread] DEBUG FXGLAssetLoaderServi - Loading from file system: file:/C:/Users/mads2/OneDrive%20-%20Danmarks%20Tekniske%20Universitet/5.%20Semester/Distributed%20Applications/IntelliJ-Workspace/MultiplayerTD/target/classes/assets/textures/turrets/BasicTowerSprite.png
14:12:37.010 [JavaFX Application Thread] DEBUG FXGLAssetLoaderServi - Loading from file system: file:/C:/Users/mads2/OneDrive%20-%20Danmarks%20Tekniske%20Universitet/5.%20Semester/Distributed%20Applications/IntelliJ-Workspace/MultiplayerTD/target/classes/assets/textures/bullets/NormalBulletSprite.png
14:12:37.509 [FXGL Background Thread 3 ] DEBUG Engine               - Logging environment variables
14:12:37.509 [FXGL Background Thread 3 ] DEBUG Engine               - achievements: []
14:12:37.510 [FXGL Background Thread 3 ] DEBUG Engine               - actualHeight: 885.0
14:12:37.510 [FXGL Background Thread 3 ] DEBUG Engine               - actualHeightProperty: ReadOnlyDoubleProperty [value: 885.0]
14:12:37.510 [FXGL Background Thread 3 ] DEBUG Engine               - actualWidth: 1155.0
14:12:37.510 [FXGL Background Thread 3 ] DEBUG Engine               - actualWidthProperty: ReadOnlyDoubleProperty [value: 1155.0]
14:12:37.510 [FXGL Background Thread 3 ] DEBUG Engine               - appIcon: fxgl_icon.png
14:12:37.510 [FXGL Background Thread 3 ] DEBUG Engine               - applicationMode: DEVELOPER
14:12:37.510 [FXGL Background Thread 3 ] DEBUG Engine               - cSSList: [fxgl_dark.css]
14:12:37.510 [FXGL Background Thread 3 ] DEBUG Engine               - collisionDetectionStrategy: BRUTE_FORCE
14:12:37.510 [FXGL Background Thread 3 ] DEBUG Engine               - configClass: Optional.empty
14:12:37.510 [FXGL Background Thread 3 ] DEBUG Engine               - credits: []
14:12:37.511 [FXGL Background Thread 3 ] DEBUG Engine               - defaultCursor: CursorInfo(imageName=fxgl_default_cursor.png, hotspotX=7.0, hotspotY=6.0)
14:12:37.511 [FXGL Background Thread 3 ] DEBUG Engine               - devBBoxColorProperty: ObjectProperty [value: 0xff0000ff]
14:12:37.511 [FXGL Background Thread 3 ] DEBUG Engine               - devEnableDebugCameraProperty: BooleanProperty [value: false]
14:12:37.512 [FXGL Background Thread 3 ] DEBUG Engine               - devSensorColorProperty: ObjectProperty [value: 0xffff00ff]
14:12:37.512 [FXGL Background Thread 3 ] DEBUG Engine               - devShowBBoxProperty: BooleanProperty [value: false]
14:12:37.512 [FXGL Background Thread 3 ] DEBUG Engine               - devShowPositionProperty: BooleanProperty [value: false]
14:12:37.512 [FXGL Background Thread 3 ] DEBUG Engine               - enabledMenuItems: []
14:12:37.512 [FXGL Background Thread 3 ] DEBUG Engine               - engineServices: [class com.almasb.fxgl.app.services.FXGLAssetLoaderService, class com.almasb.fxgl.app.FXGLApplication$GameApplicationService, class com.almasb.fxgl.app.services.FXGLDialogService, class com.almasb.fxgl.app.services.IOTaskExecutorService, class com.almasb.fxgl.io.FileSystemService, class com.almasb.fxgl.localization.LocalizationService, class com.almasb.fxgl.app.services.SystemBundleService, class com.almasb.fxgl.profile.SaveLoadService, class com.almasb.fxgl.ui.FXGLUIFactoryServiceProvider, class com.almasb.fxgl.ui.FXGLDialogFactoryServiceProvider, class com.almasb.fxgl.audio.AudioPlayer, class com.almasb.fxgl.notification.impl.NotificationServiceProvider, class com.almasb.fxgl.achievement.AchievementService, class com.almasb.fxgl.cutscene.CutsceneService, class com.almasb.fxgl.minigames.MiniGameService, class com.almasb.fxgl.net.NetService, class com.almasb.fxgl.app.services.UpdaterService, class com.almasb.fxgl.dev.DevService]
14:12:37.512 [FXGL Background Thread 3 ] DEBUG Engine               - fontGame: Abel-Regular.ttf
14:12:37.512 [FXGL Background Thread 3 ] DEBUG Engine               - fontMono: TerminalLandMono-Regular.otf
14:12:37.512 [FXGL Background Thread 3 ] DEBUG Engine               - fontSizeScaleUI: 1.0
14:12:37.512 [FXGL Background Thread 3 ] DEBUG Engine               - fontText: Courier-Prime.ttf
14:12:37.512 [FXGL Background Thread 3 ] DEBUG Engine               - fontUI: VarelaRound-Regular.ttf
14:12:37.512 [FXGL Background Thread 3 ] DEBUG Engine               - fullScreen: BooleanProperty [value: false]
14:12:37.513 [FXGL Background Thread 3 ] DEBUG Engine               - gameDifficulty: MEDIUM
14:12:37.513 [FXGL Background Thread 3 ] DEBUG Engine               - gameDifficultyProperty: ObjectProperty [value: MEDIUM]
14:12:37.513 [FXGL Background Thread 3 ] DEBUG Engine               - globalMusicVolume: 0.5
14:12:37.513 [FXGL Background Thread 3 ] DEBUG Engine               - globalMusicVolumeProperty: DoubleProperty [value: 0.5]
14:12:37.513 [FXGL Background Thread 3 ] DEBUG Engine               - globalSoundVolume: 0.5
14:12:37.513 [FXGL Background Thread 3 ] DEBUG Engine               - globalSoundVolumeProperty: DoubleProperty [value: 0.5]
14:12:37.513 [FXGL Background Thread 3 ] DEBUG Engine               - height: 900
14:12:37.513 [FXGL Background Thread 3 ] DEBUG Engine               - is3D: false
14:12:37.513 [FXGL Background Thread 3 ] DEBUG Engine               - isAndroid: false
14:12:37.514 [FXGL Background Thread 3 ] DEBUG Engine               - isBrowser: false
14:12:37.514 [FXGL Background Thread 3 ] DEBUG Engine               - isClickFeedbackEnabled: false
14:12:37.514 [FXGL Background Thread 3 ] DEBUG Engine               - isCloseConfirmation: false
14:12:37.514 [FXGL Background Thread 3 ] DEBUG Engine               - isDesktop: true
14:12:37.514 [FXGL Background Thread 3 ] DEBUG Engine               - isDeveloperMenuEnabled: false
14:12:37.514 [FXGL Background Thread 3 ] DEBUG Engine               - isEmbedded: false
14:12:37.514 [FXGL Background Thread 3 ] DEBUG Engine               - isEntityPreloadEnabled: true
14:12:37.515 [FXGL Background Thread 3 ] DEBUG Engine               - isExperimentalTiledLargeMap: false
14:12:37.515 [FXGL Background Thread 3 ] DEBUG Engine               - isFileSystemWriteAllowed: true
14:12:37.515 [FXGL Background Thread 3 ] DEBUG Engine               - isFullScreenAllowed: false
14:12:37.515 [FXGL Background Thread 3 ] DEBUG Engine               - isFullScreenFromStart: false
14:12:37.515 [FXGL Background Thread 3 ] DEBUG Engine               - isGameMenuEnabled: true
14:12:37.515 [FXGL Background Thread 3 ] DEBUG Engine               - isIOS: false
14:12:37.516 [FXGL Background Thread 3 ] DEBUG Engine               - isIntroEnabled: false
14:12:37.516 [FXGL Background Thread 3 ] DEBUG Engine               - isLinux: false
14:12:37.516 [FXGL Background Thread 3 ] DEBUG Engine               - isMac: false
14:12:37.516 [FXGL Background Thread 3 ] DEBUG Engine               - isMainMenuEnabled: false
14:12:37.516 [FXGL Background Thread 3 ] DEBUG Engine               - isManualResizeEnabled: false
14:12:37.516 [FXGL Background Thread 3 ] DEBUG Engine               - isMobile: false
14:12:37.516 [FXGL Background Thread 3 ] DEBUG Engine               - isNative: false
14:12:37.516 [FXGL Background Thread 3 ] DEBUG Engine               - isPauseMusicWhenMinimized: true
14:12:37.516 [FXGL Background Thread 3 ] DEBUG Engine               - isPreserveResizeRatio: false
14:12:37.517 [FXGL Background Thread 3 ] DEBUG Engine               - isProfilingEnabled: false
14:12:37.517 [FXGL Background Thread 3 ] DEBUG Engine               - isScaleAffectedOnResize: true
14:12:37.517 [FXGL Background Thread 3 ] DEBUG Engine               - isSingleStep: false
14:12:37.517 [FXGL Background Thread 3 ] DEBUG Engine               - isUserProfileEnabled: false
14:12:37.517 [FXGL Background Thread 3 ] DEBUG Engine               - isWindows: true
14:12:37.517 [FXGL Background Thread 3 ] DEBUG Engine               - language: ObjectProperty [value: ENGLISH]
14:12:37.517 [FXGL Background Thread 3 ] DEBUG Engine               - menuKey: ESCAPE
14:12:37.517 [FXGL Background Thread 3 ] DEBUG Engine               - mouseSensitivity: 0.2
14:12:37.517 [FXGL Background Thread 3 ] DEBUG Engine               - notificationViewClass: class com.almasb.fxgl.notification.view.XboxNotificationView
14:12:37.517 [FXGL Background Thread 3 ] DEBUG Engine               - pixelsPerMeter: 50.0
14:12:37.517 [FXGL Background Thread 3 ] DEBUG Engine               - platform: WINDOWS
14:12:37.517 [FXGL Background Thread 3 ] DEBUG Engine               - prefHeightProperty: ReadOnlyDoubleProperty [value: 900.0]
14:12:37.517 [FXGL Background Thread 3 ] DEBUG Engine               - prefWidthProperty: ReadOnlyDoubleProperty [value: 1200.0]
14:12:37.517 [FXGL Background Thread 3 ] DEBUG Engine               - profileDir: profiles/
14:12:37.517 [FXGL Background Thread 3 ] DEBUG Engine               - profileName: StringProperty [value: DEFAULT]
14:12:37.517 [FXGL Background Thread 3 ] DEBUG Engine               - randomSeed: -1
14:12:37.519 [FXGL Background Thread 3 ] DEBUG Engine               - runtimeInfo: RuntimeInfo(platform=WINDOWS, version=21, build=28.12.2023 13.35)
14:12:37.519 [FXGL Background Thread 3 ] DEBUG Engine               - saveFileExt: sav
14:12:37.519 [FXGL Background Thread 3 ] DEBUG Engine               - scaledHeightProp$fxgl: DoubleProperty [bound, value: 885.0]
14:12:37.519 [FXGL Background Thread 3 ] DEBUG Engine               - scaledWidthProp$fxgl: DoubleProperty [bound, value: 1155.0]
14:12:37.519 [FXGL Background Thread 3 ] DEBUG Engine               - sceneFactory: com.almasb.fxgl.app.scene.SceneFactory@74efcd9a
14:12:37.519 [FXGL Background Thread 3 ] DEBUG Engine               - secondsIn24h: 60
14:12:37.519 [FXGL Background Thread 3 ] DEBUG Engine               - soundMenuBack: menu/back.wav
14:12:37.519 [FXGL Background Thread 3 ] DEBUG Engine               - soundMenuPress: menu/press.wav
14:12:37.519 [FXGL Background Thread 3 ] DEBUG Engine               - soundMenuSelect: menu/select.wav
14:12:37.520 [FXGL Background Thread 3 ] DEBUG Engine               - soundNotification: core/notification.wav
14:12:37.520 [FXGL Background Thread 3 ] DEBUG Engine               - stageStyle: DECORATED
14:12:37.520 [FXGL Background Thread 3 ] DEBUG Engine               - supportedLanguages: [ENGLISH, FRENCH, GERMAN, HUNGARIAN, RUSSIAN]
14:12:37.520 [FXGL Background Thread 3 ] DEBUG Engine               - ticksPerSecond: -1
14:12:37.520 [FXGL Background Thread 3 ] DEBUG Engine               - title: Tower Defense
14:12:37.520 [FXGL Background Thread 3 ] DEBUG Engine               - urlGithub: https://github.com/AlmasB/FXGL
14:12:37.520 [FXGL Background Thread 3 ] DEBUG Engine               - urlLeaderboard: http://fxgl-top.herokuapp.com/
14:12:37.520 [FXGL Background Thread 3 ] DEBUG Engine               - urlPOM: https://raw.githubusercontent.com/AlmasB/FXGL/release/README.md
14:12:37.521 [FXGL Background Thread 3 ] DEBUG Engine               - userAppClass: class G12.main.App
14:12:37.521 [FXGL Background Thread 3 ] DEBUG Engine               - version: 0.0
14:12:37.521 [FXGL Background Thread 3 ] DEBUG Engine               - versionCheckDays: 7
14:12:37.521 [FXGL Background Thread 3 ] DEBUG Engine               - width: 1200
14:12:37.521 [FXGL Background Thread 3 ] DEBUG Engine               - Logging services
14:12:37.521 [FXGL Background Thread 3 ] DEBUG Engine               - class com.almasb.fxgl.app.services.FXGLAssetLoaderService
14:12:37.521 [FXGL Background Thread 3 ] DEBUG Engine               - class com.almasb.fxgl.app.FXGLApplication$GameApplicationService
14:12:37.521 [FXGL Background Thread 3 ] DEBUG Engine               - class com.almasb.fxgl.app.services.FXGLDialogService
14:12:37.521 [FXGL Background Thread 3 ] DEBUG Engine               - class com.almasb.fxgl.app.services.IOTaskExecutorService
14:12:37.521 [FXGL Background Thread 3 ] DEBUG Engine               - class com.almasb.fxgl.io.FileSystemService
14:12:37.521 [FXGL Background Thread 3 ] DEBUG Engine               - class com.almasb.fxgl.localization.LocalizationService
14:12:37.521 [FXGL Background Thread 3 ] DEBUG Engine               - class com.almasb.fxgl.app.services.SystemBundleService
14:12:37.521 [FXGL Background Thread 3 ] DEBUG Engine               - class com.almasb.fxgl.profile.SaveLoadService
14:12:37.521 [FXGL Background Thread 3 ] DEBUG Engine               - class com.almasb.fxgl.ui.FXGLUIFactoryServiceProvider
14:12:37.522 [FXGL Background Thread 3 ] DEBUG Engine               - class com.almasb.fxgl.ui.FXGLDialogFactoryServiceProvider
14:12:37.522 [FXGL Background Thread 3 ] DEBUG Engine               - class com.almasb.fxgl.audio.AudioPlayer
14:12:37.522 [FXGL Background Thread 3 ] DEBUG Engine               - class com.almasb.fxgl.notification.impl.NotificationServiceProvider
14:12:37.522 [FXGL Background Thread 3 ] DEBUG Engine               - class com.almasb.fxgl.achievement.AchievementService
14:12:37.522 [FXGL Background Thread 3 ] DEBUG Engine               - class com.almasb.fxgl.cutscene.CutsceneService
14:12:37.522 [FXGL Background Thread 3 ] DEBUG Engine               - class com.almasb.fxgl.minigames.MiniGameService
14:12:37.522 [FXGL Background Thread 3 ] DEBUG Engine               - class com.almasb.fxgl.net.NetService
14:12:37.522 [FXGL Background Thread 3 ] DEBUG Engine               - class com.almasb.fxgl.app.services.UpdaterService
14:12:37.522 [FXGL Background Thread 3 ] DEBUG Engine               - class com.almasb.fxgl.dev.DevService
14:12:47.136 [JavaFX Application Thread] DEBUG LoopRunner           - Stopping loop
14:12:47.139 [JavaFX Application Thread] FATAL FXGLApplication      - Uncaught Exception:
java.lang.NullPointerException: Cannot invoke "com.almasb.fxgl.entity.Entity.translateX(double)" because "this.entity" is null
	at dev.DeveloperWASDControl.right(DeveloperWASDControl.kt:70)
	at dev.DeveloperWASDControl$onAdded$1$4.onAction(DeveloperWASDControl.kt:46)
	at com.almasb.fxgl.input.UserAction.action$fxgl_core(UserAction.kt:38)
	at com.almasb.fxgl.input.Input.update(Input.kt:288)
	at com.almasb.fxgl.scene.Scene.update(Scene.kt:103)
	at com.almasb.fxgl.app.MainWindow$update$1.invoke(MainWindow.kt:121)
	at com.almasb.fxgl.app.MainWindow$update$1.invoke(MainWindow.kt:121)
	at com.almasb.fxgl.core.fsm.StateMachine.runOnActiveStates(StateMachine.kt:69)
	at com.almasb.fxgl.app.MainWindow.update(MainWindow.kt:121)
	at com.almasb.fxgl.app.FXGLApplication$GameApplicationService.onUpdate(FXGLApplication.kt:426)
	at com.almasb.fxgl.app.Engine.loop(Engine.kt:134)
	at com.almasb.fxgl.app.Engine.access$loop(Engine.kt:24)
	at com.almasb.fxgl.app.Engine$loop$1.invoke(Engine.kt:28)
	at com.almasb.fxgl.app.Engine$loop$1.invoke(Engine.kt:28)
	at com.almasb.fxgl.app.LoopRunner.frame(LoopRunner.kt:103)
	at com.almasb.fxgl.app.LoopRunner.access$frame(LoopRunner.kt:23)
	at com.almasb.fxgl.app.LoopRunner$impl$2$1.onTick(LoopRunner.kt:57)
	at com.almasb.fxgl.app.AnimationTimerLoop$timer$1.handle(LoopRunner.kt:137)
	at javafx.animation.AnimationTimer$AnimationTimerReceiver.lambda$handle$0(AnimationTimer.java:58)
	at java.base/java.security.AccessController.doPrivileged(AccessController.java:400)
	at javafx.animation.AnimationTimer$AnimationTimerReceiver.handle(AnimationTimer.java:57)
	at com.sun.scenario.animation.AbstractPrimaryTimer.timePulseImpl(AbstractPrimaryTimer.java:356)
	at com.sun.scenario.animation.AbstractPrimaryTimer$MainLoop.run(AbstractPrimaryTimer.java:266)
	at com.sun.javafx.tk.quantum.QuantumToolkit.pulse(QuantumToolkit.java:588)
	at com.sun.javafx.tk.quantum.QuantumToolkit.pulse(QuantumToolkit.java:572)
	at com.sun.javafx.tk.quantum.QuantumToolkit.pulseFromQueue(QuantumToolkit.java:565)
	at com.sun.javafx.tk.quantum.QuantumToolkit.lambda$runToolkit$11(QuantumToolkit.java:352)
	at com.sun.glass.ui.InvokeLaterDispatcher$Future.run(InvokeLaterDispatcher.java:95)
	at com.sun.glass.ui.win.WinApplication._runLoop(Native Method)
	at com.sun.glass.ui.win.WinApplication.lambda$runLoop$3(WinApplication.java:185)
	at java.base/java.lang.Thread.run(Thread.java:1583)

14:12:47.139 [JavaFX Application Thread] FATAL FXGLApplication      - Application will now exit
14:12:47.168 [JavaFX Application Thread] DEBUG PrimaryStageWindow   - Push state: ErrorSubScene
14:12:47.169 [JavaFX Application Thread] DEBUG Input                - Clearing active input actions
14:12:47.176 [JavaFX Application Thread] DEBUG GameApplicationServi - Removing overlay from GameScene and adding to ErrorSubScene
14:12:47.176 [JavaFX Application Thread] DEBUG PrimaryStageWindow   - GameScene -> ErrorSubScene
14:12:48.932 [JavaFX Application Thread] DEBUG FXGLApplication      - Exiting FXGL
14:12:48.933 [JavaFX Application Thread] DEBUG Async                - Shutting down background threads
14:12:48.933 [JavaFX Application Thread] DEBUG PrimaryStageWindow   - Closing main window
14:12:48.961 [JavaFX Application Thread] DEBUG Logger               - Closing Logger
