13:36:28.410 [main                     ] DEBUG Logger               - Configured Logger
13:36:28.433 [main                     ] DEBUG GameApplication      - Logging settings
Title: Tower Defense
Version: 0.0
Width: 1600
Height: 1200
Fullscreen: false
Intro: false
Profiling: false
Single step:false
App Mode: DEVELOPER
Menu Key: ESCAPE
Stage Style: DECORATED
Scene Factory: class com.almasb.fxgl.app.scene.SceneFactory

13:36:28.741 [JavaFX Application Thread] DEBUG FXGLApplication      - Initializing FXGL
13:36:28.743 [JavaFX Application Thread] INFO  Engine               - FXGL-21 (28.12.2023 13.35) on WINDOWS (J:21.0.1 FX:20.0.1)
13:36:28.744 [JavaFX Application Thread] DEBUG Engine               - JRE Vendor Name: Oracle Corporation
13:36:28.744 [JavaFX Application Thread] DEBUG Engine               - Running on OS: Windows 11 version 10.0
13:36:28.744 [JavaFX Application Thread] DEBUG Engine               - Architecture: amd64
13:36:28.744 [JavaFX Application Thread] INFO  Engine               - Source code and latest versions at: https://github.com/AlmasB/FXGL
13:36:28.744 [JavaFX Application Thread] INFO  Engine               -       Ask questions and discuss at: https://github.com/AlmasB/FXGL/discussions
13:36:28.745 [JavaFX Application Thread] INFO  Engine               -              Join the FXGL chat at: https://gitter.im/AlmasB/FXGL
13:36:28.843 [JavaFX Application Thread] DEBUG PrimaryStageWindow   - Creating a JavaFX scene
13:36:28.844 [JavaFX Application Thread] DEBUG PrimaryStageWindow   - Target size > screen size
13:36:28.883 [JavaFX Application Thread] DEBUG PrimaryStageWindow   - Target settings size: 1600.0 x 1200.0
13:36:28.883 [JavaFX Application Thread] DEBUG PrimaryStageWindow   - Scaled scene size:    1155.0 x 885.0
13:36:28.884 [JavaFX Application Thread] DEBUG PrimaryStageWindow   - Scaled ratio: (0.721875, 0.7375)
13:36:28.885 [JavaFX Application Thread] DEBUG PrimaryStageWindow   - Set initial scene to FXGLStartupScene
13:36:28.888 [JavaFX Application Thread] DEBUG PrimaryStageWindow   - Opening main window
13:36:28.955 [JavaFX Application Thread] DEBUG PrimaryStageWindow   - Window border size: (15.0, 37.66668701171875)
13:36:28.955 [JavaFX Application Thread] DEBUG PrimaryStageWindow   - Scaled size: 1155.0 x 885.0
13:36:28.956 [JavaFX Application Thread] DEBUG PrimaryStageWindow   - Scaled ratio: (0.721875, 0.7375)
13:36:28.956 [JavaFX Application Thread] DEBUG PrimaryStageWindow   - Scene size: 1155.0 x 885.0
13:36:28.956 [JavaFX Application Thread] DEBUG PrimaryStageWindow   - Stage size: 1170.0 x 922.6666870117188
13:36:28.964 [FXGL Background Thread 1 ] DEBUG Engine               - Initializing environment variables
13:36:29.023 [FXGL Background Thread 1 ] DEBUG FXGLAssetLoaderServi - User app class for loading assets: class G12.main.App
13:36:29.024 [FXGL Background Thread 1 ] DEBUG GameApplicationServi - Applying CSS: fxgl_dark.css
13:36:29.024 [FXGL Background Thread 1 ] DEBUG FXGLAssetLoaderServi - Loading from file system: jar:file:/C:/Users/mads2/.m2/repository/com/github/almasb/fxgl/21/fxgl-21.jar!/fxglassets/ui/css/fxgl_dark.css
13:36:29.065 [FXGL Background Thread 1 ] DEBUG GameApplicationServi - Initializing application scenes
13:36:29.097 [FXGL Background Thread 1 ] DEBUG GameWorld            - Game world initialized
13:36:29.149 [FXGL Background Thread 1 ] DEBUG PhysicsWorld         - Physics world initialized: appHeight=1200, physics.ppm=50,0
13:36:29.149 [FXGL Background Thread 1 ] DEBUG PhysicsWorld         - Using strategy: BRUTE_FORCE
13:36:29.153 [FXGL Background Thread 1 ] DEBUG GameScene            - Game scene initialized: 1600x1200
13:36:29.164 [FXGL Background Thread 1 ] DEBUG FXGL.DefaultMenu     - createMenuBodyGameMenu()
13:36:29.176 [FXGL Background Thread 1 ] DEBUG FXGL.DefaultMenu     - createOptionsMenu()
13:36:29.184 [FXGL Background Thread 1 ] DEBUG FXGLAssetLoaderServi - Loading from file system: jar:file:/C:/Users/mads2/.m2/repository/com/github/almasb/fxgl/21/fxgl-21.jar!/fxglassets/textures/particles/smoke.png
13:36:29.279 [FXGL Background Thread 1 ] DEBUG FXGLAssetLoaderServi - Loading from file system: jar:file:/C:/Users/mads2/.m2/repository/com/github/almasb/fxgl/21/fxgl-21.jar!/fxglassets/textures/particles/trace_horizontal.png
13:36:29.315 [FXGL Background Thread 1 ] DEBUG GameApplicationServi - Application scenes initialized
13:36:29.332 [FXGL Background Thread 1 ] DEBUG SystemBundleService  - Loading FXGL system data
13:36:29.338 [FXGL Background Thread 1 ] DEBUG FileSystemAccess     - Reading from: C:\Users\mads2\OneDrive - Danmarks Tekniske Universitet\5. Semester\Distributed Applications\IntelliJ-Workspace\MultiplayerTD\system\fxgl.bundle
13:36:29.351 [FXGL Background Thread 1 ] DEBUG SystemBundleService  - Bundle FXGL: {}
13:36:29.351 [FXGL Background Thread 1 ] DEBUG UpdaterService       - Checking for updates
13:36:29.355 [FXGL Background Thread 4 ] DEBUG FXGLApplication      - Loading fonts
13:36:29.356 [FXGL Background Thread 4 ] DEBUG FXGLAssetLoaderServi - Loading from file system: jar:file:/C:/Users/mads2/.m2/repository/com/github/almasb/fxgl/21/fxgl-21.jar!/fxglassets/ui/fonts/VarelaRound-Regular.ttf
13:36:29.356 [FXGL Background Thread 1 ] DEBUG FXGLApplication      - Loading default localization
13:36:29.357 [FXGL Background Thread 1 ] DEBUG FXGLAssetLoaderServi - Loading from file system: jar:file:/C:/Users/mads2/.m2/repository/com/github/almasb/fxgl/21/fxgl-21.jar!/fxglassets/languages/english.lang
13:36:29.380 [FXGL Background Thread 1 ] INFO  FXGLApplication      - FXGL initialization took: 0,414 sec
13:36:29.381 [JavaFX Application Thread] DEBUG FXGLAssetLoaderServi - Loading from file system: jar:file:/C:/Users/mads2/.m2/repository/com/github/almasb/fxgl/21/fxgl-21.jar!/fxglassets/textures/fxgl_icon.png
13:36:29.393 [FXGL Background Thread 4 ] DEBUG FXGLAssetLoaderServi - Loading from file system: jar:file:/C:/Users/mads2/.m2/repository/com/github/almasb/fxgl/21/fxgl-21.jar!/fxglassets/ui/fonts/Abel-Regular.ttf
13:36:29.403 [FXGL Background Thread 4 ] DEBUG FXGLAssetLoaderServi - Loading from file system: jar:file:/C:/Users/mads2/.m2/repository/com/github/almasb/fxgl/21/fxgl-21.jar!/fxglassets/ui/fonts/TerminalLandMono-Regular.otf
13:36:29.406 [JavaFX Application Thread] DEBUG FXGLAssetLoaderServi - Loading from file system: jar:file:/C:/Users/mads2/.m2/repository/com/github/almasb/fxgl/21/fxgl-21.jar!/fxglassets/textures/fxgl_default_cursor.png
13:36:29.413 [FXGL Background Thread 4 ] DEBUG FXGLAssetLoaderServi - Loading from file system: jar:file:/C:/Users/mads2/.m2/repository/com/github/almasb/fxgl/21/fxgl-21.jar!/fxglassets/ui/fonts/Courier-Prime.ttf
13:36:29.418 [JavaFX Application Thread] DEBUG Input                - Registered new binding: Screenshot - CTRL+8
13:36:29.419 [JavaFX Application Thread] DEBUG Input                - Registered new binding: System info dump - CTRL+9
13:36:29.419 [JavaFX Application Thread] DEBUG Input                - Registered new binding: Restart - CTRL+R
13:36:29.420 [JavaFX Application Thread] DEBUG Input                - Registered new binding: Toggle Debug Camera - CTRL+7
13:36:29.423 [JavaFX Application Thread] DEBUG LoopRunner           - Starting loop
13:36:29.423 [JavaFX Application Thread] DEBUG LoopRunner           - Initializing JavaFX AnimationTimerLoop
13:36:29.425 [JavaFX Application Thread] DEBUG GameApplicationServi - Starting new game
13:36:29.425 [JavaFX Application Thread] DEBUG Input                - Clearing active input actions
13:36:29.436 [JavaFX Application Thread] DEBUG GameApplicationServi - Removing overlay from FXGLStartupScene and adding to FXGLLoadingScene
13:36:29.436 [JavaFX Application Thread] DEBUG PrimaryStageWindow   - FXGLStartupScene -> FXGLLoadingScene
13:36:29.437 [JavaFX Application Thread] DEBUG GameApplicationServi - Clearing previous game
13:36:29.437 [JavaFX Application Thread] DEBUG GameScene            - Clearing game scene
13:36:29.437 [JavaFX Application Thread] DEBUG GameWorld            - Clearing game world
13:36:29.437 [JavaFX Application Thread] DEBUG PhysicsWorld         - Clearing physics world
13:36:29.439 [JavaFX Application Thread] DEBUG FXGLApplication      - Registering font factories with UI factory
13:36:29.442 [FXGL Background Thread 4 ] DEBUG Input                - Registered new binding: Print Line - LMB
13:36:29.442 [FXGL Background Thread 4 ] DEBUG Input                - Registered new binding: Type Switch - T
13:36:29.443 [FXGL Background Thread 4 ] INFO  FXGLApplication      - Game initialization took: 0,004 sec
13:36:29.474 [JavaFX Application Thread] DEBUG Input                - Clearing active input actions
13:36:29.481 [JavaFX Application Thread] DEBUG GameApplicationServi - Removing overlay from FXGLLoadingScene and adding to GameScene
13:36:29.482 [JavaFX Application Thread] DEBUG PrimaryStageWindow   - FXGLLoadingScene -> GameScene
13:36:32.094 [JavaFX Application Thread] DEBUG FXGLApplication      - Exiting FXGL
13:36:32.095 [JavaFX Application Thread] DEBUG LoopRunner           - Stopping loop
13:36:32.095 [JavaFX Application Thread] DEBUG SystemBundleService  - Saving FXGL system data
13:36:32.098 [JavaFX Application Thread] DEBUG FileSystemAccess     - Writing to: C:\Users\mads2\OneDrive - Danmarks Tekniske Universitet\5. Semester\Distributed Applications\IntelliJ-Workspace\MultiplayerTD\system\fxgl.bundle
13:36:32.100 [JavaFX Application Thread] DEBUG Async                - Shutting down background threads
13:36:32.100 [JavaFX Application Thread] DEBUG PrimaryStageWindow   - Closing main window
13:36:32.110 [JavaFX Application Thread] DEBUG Logger               - Closing Logger
