17:09:26.151 [main                     ] DEBUG Logger               - Configured Logger
17:09:26.173 [main                     ] DEBUG GameApplication      - Logging settings
Title: Tower Defense
Version: 0.0
Width: 800
Height: 600
Fullscreen: false
Intro: false
Profiling: false
Single step:false
App Mode: DEVELOPER
Menu Key: ESCAPE
Stage Style: DECORATED
Scene Factory: class com.almasb.fxgl.app.scene.SceneFactory

17:09:26.730 [JavaFX Application Thread] DEBUG FXGLApplication      - Initializing FXGL
17:09:26.734 [JavaFX Application Thread] INFO  Engine               - FXGL-21 (28.12.2023 13.35) on WINDOWS (J:21.0.1 FX:20.0.1)
17:09:26.734 [JavaFX Application Thread] DEBUG Engine               - JRE Vendor Name: Oracle Corporation
17:09:26.734 [JavaFX Application Thread] DEBUG Engine               - Running on OS: Windows 10 version 10.0
17:09:26.734 [JavaFX Application Thread] DEBUG Engine               - Architecture: amd64
17:09:26.734 [JavaFX Application Thread] INFO  Engine               - Source code and latest versions at: https://github.com/AlmasB/FXGL
17:09:26.734 [JavaFX Application Thread] INFO  Engine               -       Ask questions and discuss at: https://github.com/AlmasB/FXGL/discussions
17:09:26.734 [JavaFX Application Thread] INFO  Engine               -              Join the FXGL chat at: https://gitter.im/AlmasB/FXGL
17:09:26.853 [JavaFX Application Thread] DEBUG PrimaryStageWindow   - Creating a JavaFX scene
17:09:26.902 [JavaFX Application Thread] DEBUG PrimaryStageWindow   - Target settings size: 800.0 x 600.0
17:09:26.902 [JavaFX Application Thread] DEBUG PrimaryStageWindow   - Scaled scene size:    800.0 x 600.0
17:09:26.903 [JavaFX Application Thread] DEBUG PrimaryStageWindow   - Scaled ratio: (1.0, 1.0)
17:09:26.904 [JavaFX Application Thread] DEBUG PrimaryStageWindow   - Set initial scene to FXGLStartupScene
17:09:26.907 [JavaFX Application Thread] DEBUG PrimaryStageWindow   - Opening main window
17:09:27.001 [JavaFX Application Thread] DEBUG PrimaryStageWindow   - Window border size: (16.0, 39.0)
17:09:27.001 [JavaFX Application Thread] DEBUG PrimaryStageWindow   - Scaled size: 800.0 x 600.0
17:09:27.002 [JavaFX Application Thread] DEBUG PrimaryStageWindow   - Scaled ratio: (1.0, 1.0)
17:09:27.002 [JavaFX Application Thread] DEBUG PrimaryStageWindow   - Scene size: 800.0 x 600.0
17:09:27.002 [JavaFX Application Thread] DEBUG PrimaryStageWindow   - Stage size: 816.0 x 639.0
17:09:27.010 [FXGL Background Thread 1 ] DEBUG Engine               - Initializing environment variables
17:09:27.057 [FXGL Background Thread 1 ] DEBUG FXGLAssetLoaderServi - User app class for loading assets: class G12.main.App
17:09:27.057 [FXGL Background Thread 1 ] DEBUG GameApplicationServi - Applying CSS: fxgl_dark.css
17:09:27.058 [FXGL Background Thread 1 ] DEBUG FXGLAssetLoaderServi - Loading from file system: jar:file:/C:/Users/mark_/.m2/repository/com/github/almasb/fxgl/21/fxgl-21.jar!/fxglassets/ui/css/fxgl_dark.css
17:09:27.096 [FXGL Background Thread 1 ] DEBUG GameApplicationServi - Initializing application scenes
17:09:27.127 [FXGL Background Thread 1 ] DEBUG GameWorld            - Game world initialized
17:09:27.187 [FXGL Background Thread 1 ] DEBUG PhysicsWorld         - Physics world initialized: appHeight=600, physics.ppm=50.0
17:09:27.187 [FXGL Background Thread 1 ] DEBUG PhysicsWorld         - Using strategy: BRUTE_FORCE
17:09:27.190 [FXGL Background Thread 1 ] DEBUG GameScene            - Game scene initialized: 800x600
17:09:27.202 [FXGL Background Thread 1 ] DEBUG FXGL.DefaultMenu     - createMenuBodyGameMenu()
17:09:27.216 [FXGL Background Thread 1 ] DEBUG FXGL.DefaultMenu     - createOptionsMenu()
17:09:27.225 [FXGL Background Thread 1 ] DEBUG FXGLAssetLoaderServi - Loading from file system: jar:file:/C:/Users/mark_/.m2/repository/com/github/almasb/fxgl/21/fxgl-21.jar!/fxglassets/textures/particles/smoke.png
17:09:27.321 [FXGL Background Thread 1 ] DEBUG FXGLAssetLoaderServi - Loading from file system: jar:file:/C:/Users/mark_/.m2/repository/com/github/almasb/fxgl/21/fxgl-21.jar!/fxglassets/textures/particles/trace_horizontal.png
17:09:27.349 [FXGL Background Thread 1 ] DEBUG GameApplicationServi - Application scenes initialized
17:09:27.362 [FXGL Background Thread 1 ] DEBUG SystemBundleService  - Loading FXGL system data
17:09:27.365 [FXGL Background Thread 1 ] DEBUG FileSystemAccess     - Reading from: C:\Users\mark_\Documents\Java\MultiplayerTD\system\fxgl.bundle
17:09:27.376 [FXGL Background Thread 1 ] DEBUG SystemBundleService  - Bundle FXGL: {}
17:09:27.376 [FXGL Background Thread 1 ] DEBUG UpdaterService       - Checking for updates
17:09:27.380 [FXGL Background Thread 4 ] DEBUG FXGLApplication      - Loading fonts
17:09:27.381 [FXGL Background Thread 4 ] DEBUG FXGLAssetLoaderServi - Loading from file system: jar:file:/C:/Users/mark_/.m2/repository/com/github/almasb/fxgl/21/fxgl-21.jar!/fxglassets/ui/fonts/VarelaRound-Regular.ttf
17:09:27.381 [FXGL Background Thread 1 ] DEBUG FXGLApplication      - Loading default localization
17:09:27.382 [FXGL Background Thread 1 ] DEBUG FXGLAssetLoaderServi - Loading from file system: jar:file:/C:/Users/mark_/.m2/repository/com/github/almasb/fxgl/21/fxgl-21.jar!/fxglassets/languages/english.lang
17:09:27.403 [FXGL Background Thread 1 ] INFO  FXGLApplication      - FXGL initialization took: 0.392 sec
17:09:27.404 [JavaFX Application Thread] DEBUG FXGLAssetLoaderServi - Loading from file system: jar:file:/C:/Users/mark_/.m2/repository/com/github/almasb/fxgl/21/fxgl-21.jar!/fxglassets/textures/fxgl_icon.png
17:09:27.417 [FXGL Background Thread 4 ] DEBUG FXGLAssetLoaderServi - Loading from file system: jar:file:/C:/Users/mark_/.m2/repository/com/github/almasb/fxgl/21/fxgl-21.jar!/fxglassets/ui/fonts/Abel-Regular.ttf
17:09:27.421 [FXGL Background Thread 4 ] DEBUG FXGLAssetLoaderServi - Loading from file system: jar:file:/C:/Users/mark_/.m2/repository/com/github/almasb/fxgl/21/fxgl-21.jar!/fxglassets/ui/fonts/TerminalLandMono-Regular.otf
17:09:27.425 [FXGL Background Thread 4 ] DEBUG FXGLAssetLoaderServi - Loading from file system: jar:file:/C:/Users/mark_/.m2/repository/com/github/almasb/fxgl/21/fxgl-21.jar!/fxglassets/ui/fonts/Courier-Prime.ttf
17:09:27.426 [JavaFX Application Thread] DEBUG FXGLAssetLoaderServi - Loading from file system: jar:file:/C:/Users/mark_/.m2/repository/com/github/almasb/fxgl/21/fxgl-21.jar!/fxglassets/textures/fxgl_default_cursor.png
17:09:27.438 [JavaFX Application Thread] DEBUG Input                - Registered new binding: Screenshot - CTRL+8
17:09:27.438 [JavaFX Application Thread] DEBUG Input                - Registered new binding: System info dump - CTRL+9
17:09:27.439 [JavaFX Application Thread] DEBUG Input                - Registered new binding: Restart - CTRL+R
17:09:27.439 [JavaFX Application Thread] DEBUG Input                - Registered new binding: Toggle Debug Camera - CTRL+7
17:09:27.442 [JavaFX Application Thread] DEBUG LoopRunner           - Starting loop
17:09:27.442 [JavaFX Application Thread] DEBUG LoopRunner           - Initializing JavaFX AnimationTimerLoop
17:09:27.444 [JavaFX Application Thread] DEBUG GameApplicationServi - Starting new game
17:09:27.444 [JavaFX Application Thread] DEBUG Input                - Clearing active input actions
17:09:27.454 [JavaFX Application Thread] DEBUG GameApplicationServi - Removing overlay from FXGLStartupScene and adding to FXGLLoadingScene
17:09:27.455 [JavaFX Application Thread] DEBUG PrimaryStageWindow   - FXGLStartupScene -> FXGLLoadingScene
17:09:27.455 [JavaFX Application Thread] DEBUG GameApplicationServi - Clearing previous game
17:09:27.455 [JavaFX Application Thread] DEBUG GameScene            - Clearing game scene
17:09:27.455 [JavaFX Application Thread] DEBUG GameWorld            - Clearing game world
17:09:27.455 [JavaFX Application Thread] DEBUG PhysicsWorld         - Clearing physics world
17:09:27.456 [JavaFX Application Thread] DEBUG FXGLApplication      - Registering font factories with UI factory
17:09:27.456 [FXGL Background Thread 4 ] DEBUG FXGLApplication      - Initializing game
17:09:30.343 [FXGL Background Thread 4 ] DEBUG FXGLAssetLoaderServi - Loading from file system: file:/C:/Users/mark_/Documents/Java/MultiplayerTD/target/classes/assets/textures/level1.png
17:09:30.379 [FXGL Background Thread 3 ] DEBUG Engine               - Logging environment variables
17:09:30.379 [FXGL Background Thread 3 ] DEBUG Engine               - achievements: []
17:09:30.379 [FXGL Background Thread 3 ] DEBUG Engine               - actualHeight: 600.0
17:09:30.379 [FXGL Background Thread 3 ] DEBUG Engine               - actualHeightProperty: ReadOnlyDoubleProperty [value: 600.0]
17:09:30.379 [FXGL Background Thread 3 ] DEBUG Engine               - actualWidth: 800.0
17:09:30.379 [FXGL Background Thread 3 ] DEBUG Engine               - actualWidthProperty: ReadOnlyDoubleProperty [value: 800.0]
17:09:30.380 [FXGL Background Thread 3 ] DEBUG Engine               - appIcon: fxgl_icon.png
17:09:30.380 [FXGL Background Thread 3 ] DEBUG Engine               - applicationMode: DEVELOPER
17:09:30.380 [FXGL Background Thread 3 ] DEBUG Engine               - cSSList: [fxgl_dark.css]
17:09:30.380 [FXGL Background Thread 3 ] DEBUG Engine               - collisionDetectionStrategy: BRUTE_FORCE
17:09:30.380 [FXGL Background Thread 3 ] DEBUG Engine               - configClass: Optional.empty
17:09:30.380 [FXGL Background Thread 3 ] DEBUG Engine               - credits: []
17:09:30.380 [FXGL Background Thread 3 ] DEBUG Engine               - defaultCursor: CursorInfo(imageName=fxgl_default_cursor.png, hotspotX=7.0, hotspotY=6.0)
17:09:30.380 [FXGL Background Thread 3 ] DEBUG Engine               - devBBoxColorProperty: ObjectProperty [value: 0xff0000ff]
17:09:30.380 [FXGL Background Thread 3 ] DEBUG Engine               - devEnableDebugCameraProperty: BooleanProperty [value: false]
17:09:30.380 [FXGL Background Thread 3 ] DEBUG Engine               - devSensorColorProperty: ObjectProperty [value: 0xffff00ff]
17:09:30.380 [FXGL Background Thread 3 ] DEBUG Engine               - devShowBBoxProperty: BooleanProperty [value: false]
17:09:30.380 [FXGL Background Thread 3 ] DEBUG Engine               - devShowPositionProperty: BooleanProperty [value: false]
17:09:30.381 [FXGL Background Thread 3 ] DEBUG Engine               - enabledMenuItems: []
17:09:30.381 [FXGL Background Thread 3 ] DEBUG Engine               - engineServices: [class com.almasb.fxgl.app.services.FXGLAssetLoaderService, class com.almasb.fxgl.app.FXGLApplication$GameApplicationService, class com.almasb.fxgl.app.services.FXGLDialogService, class com.almasb.fxgl.app.services.IOTaskExecutorService, class com.almasb.fxgl.io.FileSystemService, class com.almasb.fxgl.localization.LocalizationService, class com.almasb.fxgl.app.services.SystemBundleService, class com.almasb.fxgl.profile.SaveLoadService, class com.almasb.fxgl.ui.FXGLUIFactoryServiceProvider, class com.almasb.fxgl.ui.FXGLDialogFactoryServiceProvider, class com.almasb.fxgl.audio.AudioPlayer, class com.almasb.fxgl.notification.impl.NotificationServiceProvider, class com.almasb.fxgl.achievement.AchievementService, class com.almasb.fxgl.cutscene.CutsceneService, class com.almasb.fxgl.minigames.MiniGameService, class com.almasb.fxgl.net.NetService, class com.almasb.fxgl.app.services.UpdaterService, class com.almasb.fxgl.dev.DevService]
17:09:30.381 [FXGL Background Thread 3 ] DEBUG Engine               - fontGame: Abel-Regular.ttf
17:09:30.381 [FXGL Background Thread 3 ] DEBUG Engine               - fontMono: TerminalLandMono-Regular.otf
17:09:30.381 [FXGL Background Thread 3 ] DEBUG Engine               - fontSizeScaleUI: 1.0
17:09:30.381 [FXGL Background Thread 3 ] DEBUG Engine               - fontText: Courier-Prime.ttf
17:09:30.381 [FXGL Background Thread 3 ] DEBUG Engine               - fontUI: VarelaRound-Regular.ttf
17:09:30.381 [FXGL Background Thread 3 ] DEBUG Engine               - fullScreen: BooleanProperty [value: false]
17:09:30.381 [FXGL Background Thread 3 ] DEBUG Engine               - gameDifficulty: MEDIUM
17:09:30.381 [FXGL Background Thread 3 ] DEBUG Engine               - gameDifficultyProperty: ObjectProperty [value: MEDIUM]
17:09:30.381 [FXGL Background Thread 3 ] DEBUG Engine               - globalMusicVolume: 0.5
17:09:30.381 [FXGL Background Thread 3 ] DEBUG Engine               - globalMusicVolumeProperty: DoubleProperty [value: 0.5]
17:09:30.381 [FXGL Background Thread 3 ] DEBUG Engine               - globalSoundVolume: 0.5
17:09:30.381 [FXGL Background Thread 3 ] DEBUG Engine               - globalSoundVolumeProperty: DoubleProperty [value: 0.5]
17:09:30.381 [FXGL Background Thread 3 ] DEBUG Engine               - height: 600
17:09:30.382 [FXGL Background Thread 3 ] DEBUG Engine               - is3D: false
17:09:30.382 [FXGL Background Thread 3 ] DEBUG Engine               - isAndroid: false
17:09:30.382 [FXGL Background Thread 3 ] DEBUG Engine               - isBrowser: false
17:09:30.382 [FXGL Background Thread 3 ] DEBUG Engine               - isClickFeedbackEnabled: false
17:09:30.382 [FXGL Background Thread 3 ] DEBUG Engine               - isCloseConfirmation: false
17:09:30.382 [FXGL Background Thread 3 ] DEBUG Engine               - isDesktop: true
17:09:30.382 [FXGL Background Thread 3 ] DEBUG Engine               - isDeveloperMenuEnabled: false
17:09:30.382 [FXGL Background Thread 3 ] DEBUG Engine               - isEmbedded: false
17:09:30.382 [FXGL Background Thread 3 ] DEBUG Engine               - isEntityPreloadEnabled: true
17:09:30.382 [FXGL Background Thread 3 ] DEBUG Engine               - isExperimentalTiledLargeMap: false
17:09:30.382 [FXGL Background Thread 3 ] DEBUG Engine               - isFileSystemWriteAllowed: true
17:09:30.382 [FXGL Background Thread 3 ] DEBUG Engine               - isFullScreenAllowed: false
17:09:30.382 [FXGL Background Thread 3 ] DEBUG Engine               - isFullScreenFromStart: false
17:09:30.382 [FXGL Background Thread 3 ] DEBUG Engine               - isGameMenuEnabled: true
17:09:30.382 [FXGL Background Thread 3 ] DEBUG Engine               - isIOS: false
17:09:30.382 [FXGL Background Thread 3 ] DEBUG Engine               - isIntroEnabled: false
17:09:30.382 [FXGL Background Thread 3 ] DEBUG Engine               - isLinux: false
17:09:30.382 [FXGL Background Thread 3 ] DEBUG Engine               - isMac: false
17:09:30.383 [FXGL Background Thread 3 ] DEBUG Engine               - isMainMenuEnabled: false
17:09:30.383 [FXGL Background Thread 3 ] DEBUG Engine               - isManualResizeEnabled: false
17:09:30.383 [FXGL Background Thread 3 ] DEBUG Engine               - isMobile: false
17:09:30.383 [FXGL Background Thread 3 ] DEBUG Engine               - isNative: false
17:09:30.383 [FXGL Background Thread 3 ] DEBUG Engine               - isPauseMusicWhenMinimized: true
17:09:30.383 [FXGL Background Thread 3 ] DEBUG Engine               - isPreserveResizeRatio: false
17:09:30.383 [FXGL Background Thread 3 ] DEBUG Engine               - isProfilingEnabled: false
17:09:30.383 [FXGL Background Thread 3 ] DEBUG Engine               - isScaleAffectedOnResize: true
17:09:30.383 [FXGL Background Thread 3 ] DEBUG Engine               - isSingleStep: false
17:09:30.383 [FXGL Background Thread 3 ] DEBUG Engine               - isUserProfileEnabled: false
17:09:30.383 [FXGL Background Thread 3 ] DEBUG Engine               - isWindows: true
17:09:30.383 [FXGL Background Thread 3 ] DEBUG Engine               - language: ObjectProperty [value: ENGLISH]
17:09:30.383 [FXGL Background Thread 3 ] DEBUG Engine               - menuKey: ESCAPE
17:09:30.383 [FXGL Background Thread 3 ] DEBUG Engine               - mouseSensitivity: 0.2
17:09:30.383 [FXGL Background Thread 3 ] DEBUG Engine               - notificationViewClass: class com.almasb.fxgl.notification.view.XboxNotificationView
17:09:30.383 [FXGL Background Thread 3 ] DEBUG Engine               - pixelsPerMeter: 50.0
17:09:30.383 [FXGL Background Thread 3 ] DEBUG Engine               - platform: WINDOWS
17:09:30.383 [FXGL Background Thread 3 ] DEBUG Engine               - prefHeightProperty: ReadOnlyDoubleProperty [value: 600.0]
17:09:30.383 [FXGL Background Thread 3 ] DEBUG Engine               - prefWidthProperty: ReadOnlyDoubleProperty [value: 800.0]
17:09:30.384 [FXGL Background Thread 3 ] DEBUG Engine               - profileDir: profiles/
17:09:30.384 [FXGL Background Thread 3 ] DEBUG Engine               - profileName: StringProperty [value: DEFAULT]
17:09:30.384 [FXGL Background Thread 3 ] DEBUG Engine               - randomSeed: -1
17:09:30.384 [FXGL Background Thread 3 ] DEBUG Engine               - runtimeInfo: RuntimeInfo(platform=WINDOWS, version=21, build=28.12.2023 13.35)
17:09:30.384 [FXGL Background Thread 3 ] DEBUG Engine               - saveFileExt: sav
17:09:30.384 [FXGL Background Thread 3 ] DEBUG Engine               - scaledHeightProp$fxgl: DoubleProperty [bound, value: 600.0]
17:09:30.384 [FXGL Background Thread 3 ] DEBUG Engine               - scaledWidthProp$fxgl: DoubleProperty [bound, value: 800.0]
17:09:30.384 [FXGL Background Thread 3 ] DEBUG Engine               - sceneFactory: com.almasb.fxgl.app.scene.SceneFactory@21c08e01
17:09:30.384 [FXGL Background Thread 3 ] DEBUG Engine               - secondsIn24h: 60
17:09:30.384 [FXGL Background Thread 3 ] DEBUG Engine               - soundMenuBack: menu/back.wav
17:09:30.384 [FXGL Background Thread 3 ] DEBUG Engine               - soundMenuPress: menu/press.wav
17:09:30.384 [FXGL Background Thread 3 ] DEBUG Engine               - soundMenuSelect: menu/select.wav
17:09:30.384 [FXGL Background Thread 3 ] DEBUG Engine               - soundNotification: core/notification.wav
17:09:30.384 [FXGL Background Thread 3 ] DEBUG Engine               - stageStyle: DECORATED
17:09:30.384 [FXGL Background Thread 3 ] DEBUG Engine               - supportedLanguages: [ENGLISH, FRENCH, GERMAN, HUNGARIAN, RUSSIAN]
17:09:30.384 [FXGL Background Thread 3 ] DEBUG Engine               - ticksPerSecond: -1
17:09:30.385 [FXGL Background Thread 3 ] DEBUG Engine               - title: Tower Defense
17:09:30.385 [FXGL Background Thread 3 ] DEBUG Engine               - urlGithub: https://github.com/AlmasB/FXGL
17:09:30.385 [FXGL Background Thread 3 ] DEBUG Engine               - urlLeaderboard: http://fxgl-top.herokuapp.com/
17:09:30.385 [FXGL Background Thread 3 ] DEBUG Engine               - urlPOM: https://raw.githubusercontent.com/AlmasB/FXGL/release/README.md
17:09:30.385 [FXGL Background Thread 3 ] DEBUG Engine               - userAppClass: class G12.main.App
17:09:30.385 [FXGL Background Thread 3 ] DEBUG Engine               - version: 0.0
17:09:30.385 [FXGL Background Thread 3 ] DEBUG Engine               - versionCheckDays: 7
17:09:30.385 [FXGL Background Thread 3 ] DEBUG Engine               - width: 800
17:09:30.385 [FXGL Background Thread 3 ] DEBUG Engine               - Logging services
17:09:30.385 [FXGL Background Thread 3 ] DEBUG Engine               - class com.almasb.fxgl.app.services.FXGLAssetLoaderService
17:09:30.385 [FXGL Background Thread 3 ] DEBUG Engine               - class com.almasb.fxgl.app.FXGLApplication$GameApplicationService
17:09:30.385 [FXGL Background Thread 3 ] DEBUG Engine               - class com.almasb.fxgl.app.services.FXGLDialogService
17:09:30.385 [FXGL Background Thread 3 ] DEBUG Engine               - class com.almasb.fxgl.app.services.IOTaskExecutorService
17:09:30.385 [FXGL Background Thread 3 ] DEBUG Engine               - class com.almasb.fxgl.io.FileSystemService
17:09:30.385 [FXGL Background Thread 3 ] DEBUG Engine               - class com.almasb.fxgl.localization.LocalizationService
17:09:30.385 [FXGL Background Thread 3 ] DEBUG Engine               - class com.almasb.fxgl.app.services.SystemBundleService
17:09:30.385 [FXGL Background Thread 3 ] DEBUG Engine               - class com.almasb.fxgl.profile.SaveLoadService
17:09:30.385 [FXGL Background Thread 3 ] DEBUG Engine               - class com.almasb.fxgl.ui.FXGLUIFactoryServiceProvider
17:09:30.385 [FXGL Background Thread 3 ] DEBUG Engine               - class com.almasb.fxgl.ui.FXGLDialogFactoryServiceProvider
17:09:30.385 [FXGL Background Thread 3 ] DEBUG Engine               - class com.almasb.fxgl.audio.AudioPlayer
17:09:30.385 [FXGL Background Thread 3 ] DEBUG Engine               - class com.almasb.fxgl.notification.impl.NotificationServiceProvider
17:09:30.385 [FXGL Background Thread 3 ] DEBUG Engine               - class com.almasb.fxgl.achievement.AchievementService
17:09:30.385 [FXGL Background Thread 3 ] DEBUG Engine               - class com.almasb.fxgl.cutscene.CutsceneService
17:09:30.386 [FXGL Background Thread 3 ] DEBUG Engine               - class com.almasb.fxgl.minigames.MiniGameService
17:09:30.386 [FXGL Background Thread 3 ] DEBUG Engine               - class com.almasb.fxgl.net.NetService
17:09:30.386 [FXGL Background Thread 3 ] DEBUG Engine               - class com.almasb.fxgl.app.services.UpdaterService
17:09:30.386 [FXGL Background Thread 3 ] DEBUG Engine               - class com.almasb.fxgl.dev.DevService
17:09:30.422 [FXGL Background Thread 4 ] DEBUG Input                - Registered new binding: Manual Spawn - LMB
17:09:30.423 [FXGL Background Thread 4 ] DEBUG Input                - Registered new binding: Type Switch - T
17:09:30.424 [FXGL Background Thread 4 ] DEBUG FXGLAssetLoaderServi - Loading from file system: file:/C:/Users/mark_/Documents/Java/MultiplayerTD/target/classes/assets/sounds/Hit.wav
17:09:30.489 [FXGL Background Thread 4 ] INFO  FXGLApplication      - Game initialization took: 3.033 sec
17:09:30.489 [JavaFX Application Thread] DEBUG Input                - Clearing active input actions
17:09:30.500 [JavaFX Application Thread] DEBUG GameApplicationServi - Removing overlay from FXGLLoadingScene and adding to GameScene
17:09:30.500 [JavaFX Application Thread] DEBUG PrimaryStageWindow   - FXGLLoadingScene -> GameScene
17:09:37.647 [JavaFX Application Thread] DEBUG FXGLApplication      - Exiting FXGL
17:09:37.647 [JavaFX Application Thread] DEBUG LoopRunner           - Stopping loop
17:09:37.647 [JavaFX Application Thread] DEBUG SystemBundleService  - Saving FXGL system data
17:09:37.649 [JavaFX Application Thread] DEBUG FileSystemAccess     - Writing to: C:\Users\mark_\Documents\Java\MultiplayerTD\system\fxgl.bundle
17:09:37.652 [JavaFX Application Thread] DEBUG Async                - Shutting down background threads
17:09:37.652 [JavaFX Application Thread] DEBUG PrimaryStageWindow   - Closing main window
17:09:37.664 [JavaFX Application Thread] DEBUG Logger               - Closing Logger
