17:04:11.790 [main                     ] DEBUG Logger               - Configured Logger
17:04:11.816 [main                     ] DEBUG GameApplication      - Logging settings
Title: Tower Defense
Version: 0.0
Width: 800
Height: 600
Fullscreen: false
Intro: false
Profiling: false
Single step:false
App Mode: DEVELOPER
Menu Key: ESCAPE
Stage Style: DECORATED
Scene Factory: class com.almasb.fxgl.app.scene.SceneFactory

17:04:12.355 [JavaFX Application Thread] DEBUG FXGLApplication      - Initializing FXGL
17:04:12.359 [JavaFX Application Thread] INFO  Engine               - FXGL-21 (28.12.2023 13.35) on WINDOWS (J:21.0.1 FX:20.0.1)
17:04:12.359 [JavaFX Application Thread] DEBUG Engine               - JRE Vendor Name: Oracle Corporation
17:04:12.359 [JavaFX Application Thread] DEBUG Engine               - Running on OS: Windows 10 version 10.0
17:04:12.360 [JavaFX Application Thread] DEBUG Engine               - Architecture: amd64
17:04:12.360 [JavaFX Application Thread] INFO  Engine               - Source code and latest versions at: https://github.com/AlmasB/FXGL
17:04:12.360 [JavaFX Application Thread] INFO  Engine               -       Ask questions and discuss at: https://github.com/AlmasB/FXGL/discussions
17:04:12.360 [JavaFX Application Thread] INFO  Engine               -              Join the FXGL chat at: https://gitter.im/AlmasB/FXGL
17:04:12.493 [JavaFX Application Thread] DEBUG PrimaryStageWindow   - Creating a JavaFX scene
17:04:12.552 [JavaFX Application Thread] DEBUG PrimaryStageWindow   - Target settings size: 800.0 x 600.0
17:04:12.552 [JavaFX Application Thread] DEBUG PrimaryStageWindow   - Scaled scene size:    800.0 x 600.0
17:04:12.553 [JavaFX Application Thread] DEBUG PrimaryStageWindow   - Scaled ratio: (1.0, 1.0)
17:04:12.554 [JavaFX Application Thread] DEBUG PrimaryStageWindow   - Set initial scene to FXGLStartupScene
17:04:12.557 [JavaFX Application Thread] DEBUG PrimaryStageWindow   - Opening main window
17:04:12.640 [JavaFX Application Thread] DEBUG PrimaryStageWindow   - Window border size: (16.0, 39.0)
17:04:12.640 [JavaFX Application Thread] DEBUG PrimaryStageWindow   - Scaled size: 800.0 x 600.0
17:04:12.640 [JavaFX Application Thread] DEBUG PrimaryStageWindow   - Scaled ratio: (1.0, 1.0)
17:04:12.641 [JavaFX Application Thread] DEBUG PrimaryStageWindow   - Scene size: 800.0 x 600.0
17:04:12.641 [JavaFX Application Thread] DEBUG PrimaryStageWindow   - Stage size: 816.0 x 639.0
17:04:12.647 [FXGL Background Thread 1 ] DEBUG Engine               - Initializing environment variables
17:04:12.696 [FXGL Background Thread 1 ] DEBUG FXGLAssetLoaderServi - User app class for loading assets: class G12.main.App
17:04:12.696 [FXGL Background Thread 1 ] DEBUG GameApplicationServi - Applying CSS: fxgl_dark.css
17:04:12.697 [FXGL Background Thread 1 ] DEBUG FXGLAssetLoaderServi - Loading from file system: jar:file:/C:/Users/mark_/.m2/repository/com/github/almasb/fxgl/21/fxgl-21.jar!/fxglassets/ui/css/fxgl_dark.css
17:04:12.739 [FXGL Background Thread 1 ] DEBUG GameApplicationServi - Initializing application scenes
17:04:12.776 [FXGL Background Thread 1 ] DEBUG GameWorld            - Game world initialized
17:04:12.855 [FXGL Background Thread 1 ] DEBUG PhysicsWorld         - Physics world initialized: appHeight=600, physics.ppm=50.0
17:04:12.855 [FXGL Background Thread 1 ] DEBUG PhysicsWorld         - Using strategy: BRUTE_FORCE
17:04:12.861 [FXGL Background Thread 1 ] DEBUG GameScene            - Game scene initialized: 800x600
17:04:12.876 [FXGL Background Thread 1 ] DEBUG FXGL.DefaultMenu     - createMenuBodyGameMenu()
17:04:12.897 [FXGL Background Thread 1 ] DEBUG FXGL.DefaultMenu     - createOptionsMenu()
17:04:12.910 [FXGL Background Thread 1 ] DEBUG FXGLAssetLoaderServi - Loading from file system: jar:file:/C:/Users/mark_/.m2/repository/com/github/almasb/fxgl/21/fxgl-21.jar!/fxglassets/textures/particles/smoke.png
17:04:13.027 [FXGL Background Thread 1 ] DEBUG FXGLAssetLoaderServi - Loading from file system: jar:file:/C:/Users/mark_/.m2/repository/com/github/almasb/fxgl/21/fxgl-21.jar!/fxglassets/textures/particles/trace_horizontal.png
17:04:13.060 [FXGL Background Thread 1 ] DEBUG GameApplicationServi - Application scenes initialized
17:04:13.076 [FXGL Background Thread 1 ] DEBUG SystemBundleService  - Loading FXGL system data
17:04:13.081 [FXGL Background Thread 1 ] DEBUG FileSystemAccess     - Reading from: C:\Users\mark_\Documents\Java\MultiplayerTD\system\fxgl.bundle
17:04:13.093 [FXGL Background Thread 1 ] DEBUG SystemBundleService  - Bundle FXGL: {}
17:04:13.093 [FXGL Background Thread 1 ] DEBUG UpdaterService       - Checking for updates
17:04:13.099 [FXGL Background Thread 4 ] DEBUG FXGLApplication      - Loading fonts
17:04:13.100 [FXGL Background Thread 4 ] DEBUG FXGLAssetLoaderServi - Loading from file system: jar:file:/C:/Users/mark_/.m2/repository/com/github/almasb/fxgl/21/fxgl-21.jar!/fxglassets/ui/fonts/VarelaRound-Regular.ttf
17:04:13.100 [FXGL Background Thread 1 ] DEBUG FXGLApplication      - Loading default localization
17:04:13.101 [FXGL Background Thread 1 ] DEBUG FXGLAssetLoaderServi - Loading from file system: jar:file:/C:/Users/mark_/.m2/repository/com/github/almasb/fxgl/21/fxgl-21.jar!/fxglassets/languages/english.lang
17:04:13.127 [FXGL Background Thread 1 ] INFO  FXGLApplication      - FXGL initialization took: 0.479 sec
17:04:13.128 [JavaFX Application Thread] DEBUG FXGLAssetLoaderServi - Loading from file system: jar:file:/C:/Users/mark_/.m2/repository/com/github/almasb/fxgl/21/fxgl-21.jar!/fxglassets/textures/fxgl_icon.png
17:04:13.143 [FXGL Background Thread 4 ] DEBUG FXGLAssetLoaderServi - Loading from file system: jar:file:/C:/Users/mark_/.m2/repository/com/github/almasb/fxgl/21/fxgl-21.jar!/fxglassets/ui/fonts/Abel-Regular.ttf
17:04:13.148 [FXGL Background Thread 4 ] DEBUG FXGLAssetLoaderServi - Loading from file system: jar:file:/C:/Users/mark_/.m2/repository/com/github/almasb/fxgl/21/fxgl-21.jar!/fxglassets/ui/fonts/TerminalLandMono-Regular.otf
17:04:13.152 [JavaFX Application Thread] DEBUG FXGLAssetLoaderServi - Loading from file system: jar:file:/C:/Users/mark_/.m2/repository/com/github/almasb/fxgl/21/fxgl-21.jar!/fxglassets/textures/fxgl_default_cursor.png
17:04:13.153 [FXGL Background Thread 4 ] DEBUG FXGLAssetLoaderServi - Loading from file system: jar:file:/C:/Users/mark_/.m2/repository/com/github/almasb/fxgl/21/fxgl-21.jar!/fxglassets/ui/fonts/Courier-Prime.ttf
17:04:13.164 [JavaFX Application Thread] DEBUG Input                - Registered new binding: Screenshot - CTRL+8
17:04:13.165 [JavaFX Application Thread] DEBUG Input                - Registered new binding: System info dump - CTRL+9
17:04:13.165 [JavaFX Application Thread] DEBUG Input                - Registered new binding: Restart - CTRL+R
17:04:13.166 [JavaFX Application Thread] DEBUG Input                - Registered new binding: Toggle Debug Camera - CTRL+7
17:04:13.170 [JavaFX Application Thread] DEBUG LoopRunner           - Starting loop
17:04:13.170 [JavaFX Application Thread] DEBUG LoopRunner           - Initializing JavaFX AnimationTimerLoop
17:04:13.172 [JavaFX Application Thread] DEBUG GameApplicationServi - Starting new game
17:04:13.173 [JavaFX Application Thread] DEBUG Input                - Clearing active input actions
17:04:13.185 [JavaFX Application Thread] DEBUG GameApplicationServi - Removing overlay from FXGLStartupScene and adding to FXGLLoadingScene
17:04:13.186 [JavaFX Application Thread] DEBUG PrimaryStageWindow   - FXGLStartupScene -> FXGLLoadingScene
17:04:13.186 [JavaFX Application Thread] DEBUG GameApplicationServi - Clearing previous game
17:04:13.186 [JavaFX Application Thread] DEBUG GameScene            - Clearing game scene
17:04:13.186 [JavaFX Application Thread] DEBUG GameWorld            - Clearing game world
17:04:13.186 [JavaFX Application Thread] DEBUG PhysicsWorld         - Clearing physics world
17:04:13.188 [FXGL Background Thread 4 ] DEBUG FXGLApplication      - Initializing game
17:04:13.188 [JavaFX Application Thread] DEBUG FXGLApplication      - Registering font factories with UI factory
17:04:16.097 [FXGL Background Thread 3 ] DEBUG Engine               - Logging environment variables
17:04:16.097 [FXGL Background Thread 3 ] DEBUG Engine               - achievements: []
17:04:16.097 [FXGL Background Thread 3 ] DEBUG Engine               - actualHeight: 600.0
17:04:16.097 [FXGL Background Thread 3 ] DEBUG Engine               - actualHeightProperty: ReadOnlyDoubleProperty [value: 600.0]
17:04:16.097 [FXGL Background Thread 3 ] DEBUG Engine               - actualWidth: 800.0
17:04:16.097 [FXGL Background Thread 3 ] DEBUG Engine               - actualWidthProperty: ReadOnlyDoubleProperty [value: 800.0]
17:04:16.097 [FXGL Background Thread 3 ] DEBUG Engine               - appIcon: fxgl_icon.png
17:04:16.098 [FXGL Background Thread 3 ] DEBUG Engine               - applicationMode: DEVELOPER
17:04:16.098 [FXGL Background Thread 3 ] DEBUG Engine               - cSSList: [fxgl_dark.css]
17:04:16.098 [FXGL Background Thread 3 ] DEBUG Engine               - collisionDetectionStrategy: BRUTE_FORCE
17:04:16.098 [FXGL Background Thread 3 ] DEBUG Engine               - configClass: Optional.empty
17:04:16.098 [FXGL Background Thread 3 ] DEBUG Engine               - credits: []
17:04:16.098 [FXGL Background Thread 3 ] DEBUG Engine               - defaultCursor: CursorInfo(imageName=fxgl_default_cursor.png, hotspotX=7.0, hotspotY=6.0)
17:04:16.098 [FXGL Background Thread 3 ] DEBUG Engine               - devBBoxColorProperty: ObjectProperty [value: 0xff0000ff]
17:04:16.098 [FXGL Background Thread 3 ] DEBUG Engine               - devEnableDebugCameraProperty: BooleanProperty [value: false]
17:04:16.098 [FXGL Background Thread 3 ] DEBUG Engine               - devSensorColorProperty: ObjectProperty [value: 0xffff00ff]
17:04:16.098 [FXGL Background Thread 3 ] DEBUG Engine               - devShowBBoxProperty: BooleanProperty [value: false]
17:04:16.098 [FXGL Background Thread 3 ] DEBUG Engine               - devShowPositionProperty: BooleanProperty [value: false]
17:04:16.099 [FXGL Background Thread 3 ] DEBUG Engine               - enabledMenuItems: []
17:04:16.099 [FXGL Background Thread 3 ] DEBUG Engine               - engineServices: [class com.almasb.fxgl.app.services.FXGLAssetLoaderService, class com.almasb.fxgl.app.FXGLApplication$GameApplicationService, class com.almasb.fxgl.app.services.FXGLDialogService, class com.almasb.fxgl.app.services.IOTaskExecutorService, class com.almasb.fxgl.io.FileSystemService, class com.almasb.fxgl.localization.LocalizationService, class com.almasb.fxgl.app.services.SystemBundleService, class com.almasb.fxgl.profile.SaveLoadService, class com.almasb.fxgl.ui.FXGLUIFactoryServiceProvider, class com.almasb.fxgl.ui.FXGLDialogFactoryServiceProvider, class com.almasb.fxgl.audio.AudioPlayer, class com.almasb.fxgl.notification.impl.NotificationServiceProvider, class com.almasb.fxgl.achievement.AchievementService, class com.almasb.fxgl.cutscene.CutsceneService, class com.almasb.fxgl.minigames.MiniGameService, class com.almasb.fxgl.net.NetService, class com.almasb.fxgl.app.services.UpdaterService, class com.almasb.fxgl.dev.DevService]
17:04:16.099 [FXGL Background Thread 3 ] DEBUG Engine               - fontGame: Abel-Regular.ttf
17:04:16.099 [FXGL Background Thread 3 ] DEBUG Engine               - fontMono: TerminalLandMono-Regular.otf
17:04:16.099 [FXGL Background Thread 3 ] DEBUG Engine               - fontSizeScaleUI: 1.0
17:04:16.099 [FXGL Background Thread 3 ] DEBUG Engine               - fontText: Courier-Prime.ttf
17:04:16.099 [FXGL Background Thread 3 ] DEBUG Engine               - fontUI: VarelaRound-Regular.ttf
17:04:16.099 [FXGL Background Thread 3 ] DEBUG Engine               - fullScreen: BooleanProperty [value: false]
17:04:16.099 [FXGL Background Thread 3 ] DEBUG Engine               - gameDifficulty: MEDIUM
17:04:16.099 [FXGL Background Thread 3 ] DEBUG Engine               - gameDifficultyProperty: ObjectProperty [value: MEDIUM]
17:04:16.099 [FXGL Background Thread 3 ] DEBUG Engine               - globalMusicVolume: 0.5
17:04:16.099 [FXGL Background Thread 3 ] DEBUG Engine               - globalMusicVolumeProperty: DoubleProperty [value: 0.5]
17:04:16.099 [FXGL Background Thread 3 ] DEBUG Engine               - globalSoundVolume: 0.5
17:04:16.099 [FXGL Background Thread 3 ] DEBUG Engine               - globalSoundVolumeProperty: DoubleProperty [value: 0.5]
17:04:16.099 [FXGL Background Thread 3 ] DEBUG Engine               - height: 600
17:04:16.100 [FXGL Background Thread 3 ] DEBUG Engine               - is3D: false
17:04:16.100 [FXGL Background Thread 3 ] DEBUG Engine               - isAndroid: false
17:04:16.100 [FXGL Background Thread 3 ] DEBUG Engine               - isBrowser: false
17:04:16.100 [FXGL Background Thread 3 ] DEBUG Engine               - isClickFeedbackEnabled: false
17:04:16.100 [FXGL Background Thread 3 ] DEBUG Engine               - isCloseConfirmation: false
17:04:16.100 [FXGL Background Thread 3 ] DEBUG Engine               - isDesktop: true
17:04:16.100 [FXGL Background Thread 3 ] DEBUG Engine               - isDeveloperMenuEnabled: false
17:04:16.100 [FXGL Background Thread 3 ] DEBUG Engine               - isEmbedded: false
17:04:16.100 [FXGL Background Thread 3 ] DEBUG Engine               - isEntityPreloadEnabled: true
17:04:16.100 [FXGL Background Thread 3 ] DEBUG Engine               - isExperimentalTiledLargeMap: false
17:04:16.100 [FXGL Background Thread 3 ] DEBUG Engine               - isFileSystemWriteAllowed: true
17:04:16.100 [FXGL Background Thread 3 ] DEBUG Engine               - isFullScreenAllowed: false
17:04:16.100 [FXGL Background Thread 3 ] DEBUG Engine               - isFullScreenFromStart: false
17:04:16.100 [FXGL Background Thread 3 ] DEBUG Engine               - isGameMenuEnabled: true
17:04:16.100 [FXGL Background Thread 3 ] DEBUG Engine               - isIOS: false
17:04:16.100 [FXGL Background Thread 3 ] DEBUG Engine               - isIntroEnabled: false
17:04:16.100 [FXGL Background Thread 3 ] DEBUG Engine               - isLinux: false
17:04:16.100 [FXGL Background Thread 3 ] DEBUG Engine               - isMac: false
17:04:16.101 [FXGL Background Thread 3 ] DEBUG Engine               - isMainMenuEnabled: false
17:04:16.101 [FXGL Background Thread 3 ] DEBUG Engine               - isManualResizeEnabled: false
17:04:16.101 [FXGL Background Thread 3 ] DEBUG Engine               - isMobile: false
17:04:16.101 [FXGL Background Thread 3 ] DEBUG Engine               - isNative: false
17:04:16.101 [FXGL Background Thread 3 ] DEBUG Engine               - isPauseMusicWhenMinimized: true
17:04:16.101 [FXGL Background Thread 3 ] DEBUG Engine               - isPreserveResizeRatio: false
17:04:16.101 [FXGL Background Thread 3 ] DEBUG Engine               - isProfilingEnabled: false
17:04:16.101 [FXGL Background Thread 3 ] DEBUG Engine               - isScaleAffectedOnResize: true
17:04:16.101 [FXGL Background Thread 3 ] DEBUG Engine               - isSingleStep: false
17:04:16.101 [FXGL Background Thread 3 ] DEBUG Engine               - isUserProfileEnabled: false
17:04:16.101 [FXGL Background Thread 3 ] DEBUG Engine               - isWindows: true
17:04:16.101 [FXGL Background Thread 3 ] DEBUG Engine               - language: ObjectProperty [value: ENGLISH]
17:04:16.101 [FXGL Background Thread 3 ] DEBUG Engine               - menuKey: ESCAPE
17:04:16.101 [FXGL Background Thread 3 ] DEBUG Engine               - mouseSensitivity: 0.2
17:04:16.101 [FXGL Background Thread 3 ] DEBUG Engine               - notificationViewClass: class com.almasb.fxgl.notification.view.XboxNotificationView
17:04:16.101 [FXGL Background Thread 3 ] DEBUG Engine               - pixelsPerMeter: 50.0
17:04:16.101 [FXGL Background Thread 3 ] DEBUG Engine               - platform: WINDOWS
17:04:16.102 [FXGL Background Thread 3 ] DEBUG Engine               - prefHeightProperty: ReadOnlyDoubleProperty [value: 600.0]
17:04:16.102 [FXGL Background Thread 3 ] DEBUG Engine               - prefWidthProperty: ReadOnlyDoubleProperty [value: 800.0]
17:04:16.102 [FXGL Background Thread 3 ] DEBUG Engine               - profileDir: profiles/
17:04:16.102 [FXGL Background Thread 3 ] DEBUG Engine               - profileName: StringProperty [value: DEFAULT]
17:04:16.102 [FXGL Background Thread 3 ] DEBUG Engine               - randomSeed: -1
17:04:16.102 [FXGL Background Thread 3 ] DEBUG Engine               - runtimeInfo: RuntimeInfo(platform=WINDOWS, version=21, build=28.12.2023 13.35)
17:04:16.102 [FXGL Background Thread 3 ] DEBUG Engine               - saveFileExt: sav
17:04:16.102 [FXGL Background Thread 3 ] DEBUG Engine               - scaledHeightProp$fxgl: DoubleProperty [bound, value: 600.0]
17:04:16.102 [FXGL Background Thread 3 ] DEBUG Engine               - scaledWidthProp$fxgl: DoubleProperty [bound, value: 800.0]
17:04:16.102 [FXGL Background Thread 3 ] DEBUG Engine               - sceneFactory: com.almasb.fxgl.app.scene.SceneFactory@31d81fa6
17:04:16.102 [FXGL Background Thread 3 ] DEBUG Engine               - secondsIn24h: 60
17:04:16.102 [FXGL Background Thread 3 ] DEBUG Engine               - soundMenuBack: menu/back.wav
17:04:16.102 [FXGL Background Thread 3 ] DEBUG Engine               - soundMenuPress: menu/press.wav
17:04:16.102 [FXGL Background Thread 3 ] DEBUG Engine               - soundMenuSelect: menu/select.wav
17:04:16.103 [FXGL Background Thread 3 ] DEBUG Engine               - soundNotification: core/notification.wav
17:04:16.103 [FXGL Background Thread 3 ] DEBUG Engine               - stageStyle: DECORATED
17:04:16.103 [FXGL Background Thread 3 ] DEBUG Engine               - supportedLanguages: [ENGLISH, FRENCH, GERMAN, HUNGARIAN, RUSSIAN]
17:04:16.103 [FXGL Background Thread 3 ] DEBUG Engine               - ticksPerSecond: -1
17:04:16.103 [FXGL Background Thread 3 ] DEBUG Engine               - title: Tower Defense
17:04:16.103 [FXGL Background Thread 3 ] DEBUG Engine               - urlGithub: https://github.com/AlmasB/FXGL
17:04:16.103 [FXGL Background Thread 3 ] DEBUG Engine               - urlLeaderboard: http://fxgl-top.herokuapp.com/
17:04:16.103 [FXGL Background Thread 3 ] DEBUG Engine               - urlPOM: https://raw.githubusercontent.com/AlmasB/FXGL/release/README.md
17:04:16.103 [FXGL Background Thread 3 ] DEBUG Engine               - userAppClass: class G12.main.App
17:04:16.103 [FXGL Background Thread 3 ] DEBUG Engine               - version: 0.0
17:04:16.103 [FXGL Background Thread 3 ] DEBUG Engine               - versionCheckDays: 7
17:04:16.103 [FXGL Background Thread 3 ] DEBUG Engine               - width: 800
17:04:16.103 [FXGL Background Thread 3 ] DEBUG Engine               - Logging services
17:04:16.103 [FXGL Background Thread 3 ] DEBUG Engine               - class com.almasb.fxgl.app.services.FXGLAssetLoaderService
17:04:16.103 [FXGL Background Thread 3 ] DEBUG Engine               - class com.almasb.fxgl.app.FXGLApplication$GameApplicationService
17:04:16.103 [FXGL Background Thread 3 ] DEBUG Engine               - class com.almasb.fxgl.app.services.FXGLDialogService
17:04:16.103 [FXGL Background Thread 3 ] DEBUG Engine               - class com.almasb.fxgl.app.services.IOTaskExecutorService
17:04:16.103 [FXGL Background Thread 3 ] DEBUG Engine               - class com.almasb.fxgl.io.FileSystemService
17:04:16.103 [FXGL Background Thread 3 ] DEBUG Engine               - class com.almasb.fxgl.localization.LocalizationService
17:04:16.103 [FXGL Background Thread 3 ] DEBUG Engine               - class com.almasb.fxgl.app.services.SystemBundleService
17:04:16.103 [FXGL Background Thread 3 ] DEBUG Engine               - class com.almasb.fxgl.profile.SaveLoadService
17:04:16.104 [FXGL Background Thread 3 ] DEBUG Engine               - class com.almasb.fxgl.ui.FXGLUIFactoryServiceProvider
17:04:16.104 [FXGL Background Thread 3 ] DEBUG Engine               - class com.almasb.fxgl.ui.FXGLDialogFactoryServiceProvider
17:04:16.104 [FXGL Background Thread 3 ] DEBUG Engine               - class com.almasb.fxgl.audio.AudioPlayer
17:04:16.104 [FXGL Background Thread 3 ] DEBUG Engine               - class com.almasb.fxgl.notification.impl.NotificationServiceProvider
17:04:16.104 [FXGL Background Thread 3 ] DEBUG Engine               - class com.almasb.fxgl.achievement.AchievementService
17:04:16.104 [FXGL Background Thread 3 ] DEBUG Engine               - class com.almasb.fxgl.cutscene.CutsceneService
17:04:16.104 [FXGL Background Thread 3 ] DEBUG Engine               - class com.almasb.fxgl.minigames.MiniGameService
17:04:16.104 [FXGL Background Thread 3 ] DEBUG Engine               - class com.almasb.fxgl.net.NetService
17:04:16.104 [FXGL Background Thread 3 ] DEBUG Engine               - class com.almasb.fxgl.app.services.UpdaterService
17:04:16.104 [FXGL Background Thread 3 ] DEBUG Engine               - class com.almasb.fxgl.dev.DevService
17:04:23.097 [JavaFX Application Thread] DEBUG LoopRunner           - Stopping loop
17:04:23.098 [JavaFX Application Thread] FATAL FXGLApplication      - Uncaught Exception:
java.lang.RuntimeException: Initialization failed
	at com.almasb.fxgl.app.FXGLApplication$InitAppTask.failed(FXGLApplication.kt:343)
	at javafx.concurrent.Task.setState(Task.java:710)
	at javafx.concurrent.Task$TaskCallable.lambda$call$2(Task.java:1456)
	at com.sun.javafx.application.PlatformImpl.lambda$runLater$10(PlatformImpl.java:456)
	at java.base/java.security.AccessController.doPrivileged(AccessController.java:400)
	at com.sun.javafx.application.PlatformImpl.lambda$runLater$11(PlatformImpl.java:455)
	at com.sun.glass.ui.InvokeLaterDispatcher$Future.run(InvokeLaterDispatcher.java:95)
	at com.sun.glass.ui.win.WinApplication._runLoop(Native Method)
	at com.sun.glass.ui.win.WinApplication.lambda$runLoop$3(WinApplication.java:185)
	at java.base/java.lang.Thread.run(Thread.java:1583)
Caused by: java.lang.NullPointerException: Cannot invoke "org.jspace.Space.get(org.jspace.TemplateField[])" because "this.gameSpace" is null
	at G12.main.App.initGame(App.java:125)
	at com.almasb.fxgl.app.FXGLApplication$InitAppTask.initGame(FXGLApplication.kt:339)
	at com.almasb.fxgl.app.FXGLApplication$InitAppTask.call(FXGLApplication.kt:319)
	at com.almasb.fxgl.app.FXGLApplication$InitAppTask.call(FXGLApplication.kt:311)
	at javafx.concurrent.Task$TaskCallable.call(Task.java:1426)
	at java.base/java.util.concurrent.FutureTask.run(FutureTask.java:317)
	at java.base/java.util.concurrent.Executors$RunnableAdapter.call(Executors.java:572)
	at java.base/java.util.concurrent.FutureTask.run(FutureTask.java:317)
	at java.base/java.util.concurrent.ThreadPoolExecutor.runWorker(ThreadPoolExecutor.java:1144)
	at java.base/java.util.concurrent.ThreadPoolExecutor$Worker.run(ThreadPoolExecutor.java:642)
	... 1 more

17:04:23.099 [JavaFX Application Thread] FATAL FXGLApplication      - Application will now exit
17:04:23.113 [JavaFX Application Thread] DEBUG PrimaryStageWindow   - Push state: ErrorSubScene
17:04:23.113 [JavaFX Application Thread] DEBUG Input                - Clearing active input actions
17:04:23.119 [JavaFX Application Thread] DEBUG GameApplicationServi - Removing overlay from FXGLLoadingScene and adding to ErrorSubScene
17:04:23.120 [JavaFX Application Thread] DEBUG PrimaryStageWindow   - FXGLLoadingScene -> ErrorSubScene
17:05:11.806 [JavaFX Application Thread] DEBUG FXGLApplication      - Exiting FXGL
17:05:11.806 [JavaFX Application Thread] DEBUG Async                - Shutting down background threads
17:05:11.806 [JavaFX Application Thread] DEBUG PrimaryStageWindow   - Closing main window
17:05:11.812 [JavaFX Application Thread] DEBUG Logger               - Closing Logger
