12:40:46.265 [main                     ] DEBUG Logger               - Configured Logger
12:40:46.287 [main                     ] DEBUG GameApplication      - Logging settings
Title: Untitled
Version: 0.0
Width: 800
Height: 600
Fullscreen: false
Intro: false
Profiling: false
Single step:false
App Mode: DEVELOPER
Menu Key: ESCAPE
Stage Style: DECORATED
Scene Factory: class com.almasb.fxgl.app.scene.SceneFactory

12:40:46.603 [JavaFX Application Thread] DEBUG FXGLApplication      - Initializing FXGL
12:40:46.606 [JavaFX Application Thread] INFO  Engine               - FXGL-21 (28.12.2023 13.35) on WINDOWS (J:21.0.1 FX:20.0.1)
12:40:46.607 [JavaFX Application Thread] DEBUG Engine               - JRE Vendor Name: Oracle Corporation
12:40:46.607 [JavaFX Application Thread] DEBUG Engine               - Running on OS: Windows 11 version 10.0
12:40:46.607 [JavaFX Application Thread] DEBUG Engine               - Architecture: amd64
12:40:46.607 [JavaFX Application Thread] INFO  Engine               - Source code and latest versions at: https://github.com/AlmasB/FXGL
12:40:46.607 [JavaFX Application Thread] INFO  Engine               -       Ask questions and discuss at: https://github.com/AlmasB/FXGL/discussions
12:40:46.607 [JavaFX Application Thread] INFO  Engine               -              Join the FXGL chat at: https://gitter.im/AlmasB/FXGL
12:40:46.707 [JavaFX Application Thread] DEBUG PrimaryStageWindow   - Creating a JavaFX scene
12:40:46.749 [JavaFX Application Thread] DEBUG PrimaryStageWindow   - Target settings size: 800.0 x 600.0
12:40:46.749 [JavaFX Application Thread] DEBUG PrimaryStageWindow   - Scaled scene size:    800.0 x 600.0
12:40:46.750 [JavaFX Application Thread] DEBUG PrimaryStageWindow   - Scaled ratio: (1.0, 1.0)
12:40:46.751 [JavaFX Application Thread] DEBUG PrimaryStageWindow   - Set initial scene to FXGLStartupScene
12:40:46.753 [JavaFX Application Thread] DEBUG PrimaryStageWindow   - Opening main window
12:40:46.823 [JavaFX Application Thread] DEBUG PrimaryStageWindow   - Window border size: (14.66668701171875, 37.33331298828125)
12:40:46.823 [JavaFX Application Thread] DEBUG PrimaryStageWindow   - Scaled size: 800.0 x 600.0
12:40:46.824 [JavaFX Application Thread] DEBUG PrimaryStageWindow   - Scaled ratio: (1.0, 1.0)
12:40:46.824 [JavaFX Application Thread] DEBUG PrimaryStageWindow   - Scene size: 800.0 x 600.0
12:40:46.825 [JavaFX Application Thread] DEBUG PrimaryStageWindow   - Stage size: 814.6666870117188 x 637.3333129882812
12:40:46.833 [FXGL Background Thread 1 ] DEBUG Engine               - Initializing environment variables
12:40:46.887 [FXGL Background Thread 1 ] DEBUG FXGLAssetLoaderServi - User app class for loading assets: class G12.main.App
12:40:46.887 [FXGL Background Thread 1 ] DEBUG GameApplicationServi - Applying CSS: fxgl_dark.css
12:40:46.888 [FXGL Background Thread 1 ] DEBUG FXGLAssetLoaderServi - Loading from file system: jar:file:/C:/Users/mads2/.m2/repository/com/github/almasb/fxgl/21/fxgl-21.jar!/fxglassets/ui/css/fxgl_dark.css
12:40:46.927 [FXGL Background Thread 1 ] DEBUG GameApplicationServi - Initializing application scenes
12:40:46.955 [FXGL Background Thread 1 ] DEBUG GameWorld            - Game world initialized
12:40:47.011 [FXGL Background Thread 1 ] DEBUG PhysicsWorld         - Physics world initialized: appHeight=600, physics.ppm=50,0
12:40:47.011 [FXGL Background Thread 1 ] DEBUG PhysicsWorld         - Using strategy: BRUTE_FORCE
12:40:47.015 [FXGL Background Thread 1 ] DEBUG GameScene            - Game scene initialized: 800x600
12:40:47.025 [FXGL Background Thread 1 ] DEBUG FXGL.DefaultMenu     - createMenuBodyGameMenu()
12:40:47.038 [FXGL Background Thread 1 ] DEBUG FXGL.DefaultMenu     - createOptionsMenu()
12:40:47.047 [FXGL Background Thread 1 ] DEBUG FXGLAssetLoaderServi - Loading from file system: jar:file:/C:/Users/mads2/.m2/repository/com/github/almasb/fxgl/21/fxgl-21.jar!/fxglassets/textures/particles/smoke.png
12:40:47.131 [FXGL Background Thread 1 ] DEBUG FXGLAssetLoaderServi - Loading from file system: jar:file:/C:/Users/mads2/.m2/repository/com/github/almasb/fxgl/21/fxgl-21.jar!/fxglassets/textures/particles/trace_horizontal.png
12:40:47.155 [FXGL Background Thread 1 ] DEBUG GameApplicationServi - Application scenes initialized
12:40:47.167 [FXGL Background Thread 1 ] DEBUG SystemBundleService  - Loading FXGL system data
12:40:47.170 [FXGL Background Thread 1 ] DEBUG FileSystemAccess     - Reading from: C:\Users\mads2\OneDrive - Danmarks Tekniske Universitet\5. Semester\Distributed Applications\IntelliJ-Workspace\MultiplayerTD\system\fxgl.bundle
12:40:47.179 [FXGL Background Thread 1 ] DEBUG SystemBundleService  - Bundle FXGL: {}
12:40:47.179 [FXGL Background Thread 1 ] DEBUG UpdaterService       - Checking for updates
12:40:47.182 [FXGL Background Thread 4 ] DEBUG FXGLApplication      - Loading fonts
12:40:47.183 [FXGL Background Thread 4 ] DEBUG FXGLAssetLoaderServi - Loading from file system: jar:file:/C:/Users/mads2/.m2/repository/com/github/almasb/fxgl/21/fxgl-21.jar!/fxglassets/ui/fonts/VarelaRound-Regular.ttf
12:40:47.183 [FXGL Background Thread 1 ] DEBUG FXGLApplication      - Loading default localization
12:40:47.184 [FXGL Background Thread 1 ] DEBUG FXGLAssetLoaderServi - Loading from file system: jar:file:/C:/Users/mads2/.m2/repository/com/github/almasb/fxgl/21/fxgl-21.jar!/fxglassets/languages/english.lang
12:40:47.204 [FXGL Background Thread 1 ] INFO  FXGLApplication      - FXGL initialization took: 0,371 sec
12:40:47.205 [JavaFX Application Thread] DEBUG FXGLAssetLoaderServi - Loading from file system: jar:file:/C:/Users/mads2/.m2/repository/com/github/almasb/fxgl/21/fxgl-21.jar!/fxglassets/textures/fxgl_icon.png
12:40:47.216 [FXGL Background Thread 4 ] DEBUG FXGLAssetLoaderServi - Loading from file system: jar:file:/C:/Users/mads2/.m2/repository/com/github/almasb/fxgl/21/fxgl-21.jar!/fxglassets/ui/fonts/Abel-Regular.ttf
12:40:47.226 [FXGL Background Thread 4 ] DEBUG FXGLAssetLoaderServi - Loading from file system: jar:file:/C:/Users/mads2/.m2/repository/com/github/almasb/fxgl/21/fxgl-21.jar!/fxglassets/ui/fonts/TerminalLandMono-Regular.otf
12:40:47.226 [JavaFX Application Thread] DEBUG FXGLAssetLoaderServi - Loading from file system: jar:file:/C:/Users/mads2/.m2/repository/com/github/almasb/fxgl/21/fxgl-21.jar!/fxglassets/textures/fxgl_default_cursor.png
12:40:47.235 [FXGL Background Thread 4 ] DEBUG FXGLAssetLoaderServi - Loading from file system: jar:file:/C:/Users/mads2/.m2/repository/com/github/almasb/fxgl/21/fxgl-21.jar!/fxglassets/ui/fonts/Courier-Prime.ttf
12:40:47.236 [JavaFX Application Thread] DEBUG Input                - Registered new binding: Screenshot - CTRL+8
12:40:47.236 [JavaFX Application Thread] DEBUG Input                - Registered new binding: System info dump - CTRL+9
12:40:47.237 [JavaFX Application Thread] DEBUG Input                - Registered new binding: Restart - CTRL+R
12:40:47.237 [JavaFX Application Thread] DEBUG Input                - Registered new binding: Toggle Debug Camera - CTRL+7
12:40:47.241 [JavaFX Application Thread] DEBUG LoopRunner           - Starting loop
12:40:47.241 [JavaFX Application Thread] DEBUG LoopRunner           - Initializing JavaFX AnimationTimerLoop
12:40:47.242 [JavaFX Application Thread] DEBUG GameApplicationServi - Starting new game
12:40:47.242 [JavaFX Application Thread] DEBUG Input                - Clearing active input actions
12:40:47.251 [JavaFX Application Thread] DEBUG GameApplicationServi - Removing overlay from FXGLStartupScene and adding to FXGLLoadingScene
12:40:47.251 [JavaFX Application Thread] DEBUG PrimaryStageWindow   - FXGLStartupScene -> FXGLLoadingScene
12:40:47.251 [JavaFX Application Thread] DEBUG GameApplicationServi - Clearing previous game
12:40:47.252 [JavaFX Application Thread] DEBUG GameScene            - Clearing game scene
12:40:47.252 [JavaFX Application Thread] DEBUG GameWorld            - Clearing game world
12:40:47.252 [JavaFX Application Thread] DEBUG PhysicsWorld         - Clearing physics world
12:40:47.253 [FXGL Background Thread 4 ] DEBUG FXGLApplication      - Initializing game
12:40:47.255 [JavaFX Application Thread] DEBUG FXGLApplication      - Registering font factories with UI factory
12:40:47.255 [FXGL Background Thread 4 ] DEBUG Input                - Registered new binding: Print Line - LMB
12:40:47.255 [FXGL Background Thread 4 ] DEBUG Input                - Registered new binding: Type Switch - T
12:40:47.256 [FXGL Background Thread 4 ] INFO  FXGLApplication      - Game initialization took: 0,003 sec
12:40:47.285 [JavaFX Application Thread] DEBUG Input                - Clearing active input actions
12:40:47.295 [JavaFX Application Thread] DEBUG GameApplicationServi - Removing overlay from FXGLLoadingScene and adding to GameScene
12:40:47.298 [JavaFX Application Thread] DEBUG PrimaryStageWindow   - FXGLLoadingScene -> GameScene
12:40:48.200 [JavaFX Application Thread] DEBUG FXGLAssetLoaderServi - Loading from file system: file:/C:/Users/mads2/OneDrive%20-%20Danmarks%20Tekniske%20Universitet/5.%20Semester/Distributed%20Applications/IntelliJ-Workspace/MultiplayerTD/target/classes/assets/textures/enemies/EnemyMK1Sprite.png
12:40:48.207 [JavaFX Application Thread] DEBUG Input                - Registered new binding: Dev_UP - W
12:40:48.207 [JavaFX Application Thread] DEBUG Input                - Registered new binding: Dev_DOWN - S
12:40:48.208 [JavaFX Application Thread] DEBUG Input                - Registered new binding: Dev_LEFT - A
12:40:48.208 [JavaFX Application Thread] DEBUG Input                - Registered new binding: Dev_RIGHT - D
12:40:48.917 [JavaFX Application Thread] DEBUG FXGLAssetLoaderServi - Loading from file system: file:/C:/Users/mads2/OneDrive%20-%20Danmarks%20Tekniske%20Universitet/5.%20Semester/Distributed%20Applications/IntelliJ-Workspace/MultiplayerTD/target/classes/assets/textures/turrets/BasicTowerSprite.png
12:40:49.886 [JavaFX Application Thread] DEBUG FXGLAssetLoaderServi - Loading from file system: file:/C:/Users/mads2/OneDrive%20-%20Danmarks%20Tekniske%20Universitet/5.%20Semester/Distributed%20Applications/IntelliJ-Workspace/MultiplayerTD/target/classes/assets/textures/bullets/FireBulletSprite.png
12:40:50.182 [FXGL Background Thread 3 ] DEBUG Engine               - Logging environment variables
12:40:50.182 [FXGL Background Thread 3 ] DEBUG Engine               - achievements: []
12:40:50.182 [FXGL Background Thread 3 ] DEBUG Engine               - actualHeight: 600.0
12:40:50.182 [FXGL Background Thread 3 ] DEBUG Engine               - actualHeightProperty: ReadOnlyDoubleProperty [value: 600.0]
12:40:50.182 [FXGL Background Thread 3 ] DEBUG Engine               - actualWidth: 800.0
12:40:50.182 [FXGL Background Thread 3 ] DEBUG Engine               - actualWidthProperty: ReadOnlyDoubleProperty [value: 800.0]
12:40:50.182 [FXGL Background Thread 3 ] DEBUG Engine               - appIcon: fxgl_icon.png
12:40:50.182 [FXGL Background Thread 3 ] DEBUG Engine               - applicationMode: DEVELOPER
12:40:50.182 [FXGL Background Thread 3 ] DEBUG Engine               - cSSList: [fxgl_dark.css]
12:40:50.182 [FXGL Background Thread 3 ] DEBUG Engine               - collisionDetectionStrategy: BRUTE_FORCE
12:40:50.182 [FXGL Background Thread 3 ] DEBUG Engine               - configClass: Optional.empty
12:40:50.182 [FXGL Background Thread 3 ] DEBUG Engine               - credits: []
12:40:50.183 [FXGL Background Thread 3 ] DEBUG Engine               - defaultCursor: CursorInfo(imageName=fxgl_default_cursor.png, hotspotX=7.0, hotspotY=6.0)
12:40:50.183 [FXGL Background Thread 3 ] DEBUG Engine               - devBBoxColorProperty: ObjectProperty [value: 0xff0000ff]
12:40:50.183 [FXGL Background Thread 3 ] DEBUG Engine               - devEnableDebugCameraProperty: BooleanProperty [value: false]
12:40:50.183 [FXGL Background Thread 3 ] DEBUG Engine               - devSensorColorProperty: ObjectProperty [value: 0xffff00ff]
12:40:50.183 [FXGL Background Thread 3 ] DEBUG Engine               - devShowBBoxProperty: BooleanProperty [value: false]
12:40:50.183 [FXGL Background Thread 3 ] DEBUG Engine               - devShowPositionProperty: BooleanProperty [value: false]
12:40:50.183 [FXGL Background Thread 3 ] DEBUG Engine               - enabledMenuItems: []
12:40:50.183 [FXGL Background Thread 3 ] DEBUG Engine               - engineServices: [class com.almasb.fxgl.app.services.FXGLAssetLoaderService, class com.almasb.fxgl.app.FXGLApplication$GameApplicationService, class com.almasb.fxgl.app.services.FXGLDialogService, class com.almasb.fxgl.app.services.IOTaskExecutorService, class com.almasb.fxgl.io.FileSystemService, class com.almasb.fxgl.localization.LocalizationService, class com.almasb.fxgl.app.services.SystemBundleService, class com.almasb.fxgl.profile.SaveLoadService, class com.almasb.fxgl.ui.FXGLUIFactoryServiceProvider, class com.almasb.fxgl.ui.FXGLDialogFactoryServiceProvider, class com.almasb.fxgl.audio.AudioPlayer, class com.almasb.fxgl.notification.impl.NotificationServiceProvider, class com.almasb.fxgl.achievement.AchievementService, class com.almasb.fxgl.cutscene.CutsceneService, class com.almasb.fxgl.minigames.MiniGameService, class com.almasb.fxgl.net.NetService, class com.almasb.fxgl.app.services.UpdaterService, class com.almasb.fxgl.dev.DevService]
12:40:50.183 [FXGL Background Thread 3 ] DEBUG Engine               - fontGame: Abel-Regular.ttf
12:40:50.183 [FXGL Background Thread 3 ] DEBUG Engine               - fontMono: TerminalLandMono-Regular.otf
12:40:50.183 [FXGL Background Thread 3 ] DEBUG Engine               - fontSizeScaleUI: 1.0
12:40:50.183 [FXGL Background Thread 3 ] DEBUG Engine               - fontText: Courier-Prime.ttf
12:40:50.183 [FXGL Background Thread 3 ] DEBUG Engine               - fontUI: VarelaRound-Regular.ttf
12:40:50.183 [FXGL Background Thread 3 ] DEBUG Engine               - fullScreen: BooleanProperty [value: false]
12:40:50.183 [FXGL Background Thread 3 ] DEBUG Engine               - gameDifficulty: MEDIUM
12:40:50.183 [FXGL Background Thread 3 ] DEBUG Engine               - gameDifficultyProperty: ObjectProperty [value: MEDIUM]
12:40:50.184 [FXGL Background Thread 3 ] DEBUG Engine               - globalMusicVolume: 0.5
12:40:50.184 [FXGL Background Thread 3 ] DEBUG Engine               - globalMusicVolumeProperty: DoubleProperty [value: 0.5]
12:40:50.184 [FXGL Background Thread 3 ] DEBUG Engine               - globalSoundVolume: 0.5
12:40:50.184 [FXGL Background Thread 3 ] DEBUG Engine               - globalSoundVolumeProperty: DoubleProperty [value: 0.5]
12:40:50.184 [FXGL Background Thread 3 ] DEBUG Engine               - height: 600
12:40:50.184 [FXGL Background Thread 3 ] DEBUG Engine               - is3D: false
12:40:50.184 [FXGL Background Thread 3 ] DEBUG Engine               - isAndroid: false
12:40:50.184 [FXGL Background Thread 3 ] DEBUG Engine               - isBrowser: false
12:40:50.184 [FXGL Background Thread 3 ] DEBUG Engine               - isClickFeedbackEnabled: false
12:40:50.184 [FXGL Background Thread 3 ] DEBUG Engine               - isCloseConfirmation: false
12:40:50.184 [FXGL Background Thread 3 ] DEBUG Engine               - isDesktop: true
12:40:50.184 [FXGL Background Thread 3 ] DEBUG Engine               - isDeveloperMenuEnabled: false
12:40:50.184 [FXGL Background Thread 3 ] DEBUG Engine               - isEmbedded: false
12:40:50.184 [FXGL Background Thread 3 ] DEBUG Engine               - isEntityPreloadEnabled: true
12:40:50.184 [FXGL Background Thread 3 ] DEBUG Engine               - isExperimentalTiledLargeMap: false
12:40:50.184 [FXGL Background Thread 3 ] DEBUG Engine               - isFileSystemWriteAllowed: true
12:40:50.184 [FXGL Background Thread 3 ] DEBUG Engine               - isFullScreenAllowed: false
12:40:50.184 [FXGL Background Thread 3 ] DEBUG Engine               - isFullScreenFromStart: false
12:40:50.184 [FXGL Background Thread 3 ] DEBUG Engine               - isGameMenuEnabled: true
12:40:50.184 [FXGL Background Thread 3 ] DEBUG Engine               - isIOS: false
12:40:50.184 [FXGL Background Thread 3 ] DEBUG Engine               - isIntroEnabled: false
12:40:50.184 [FXGL Background Thread 3 ] DEBUG Engine               - isLinux: false
12:40:50.185 [FXGL Background Thread 3 ] DEBUG Engine               - isMac: false
12:40:50.185 [FXGL Background Thread 3 ] DEBUG Engine               - isMainMenuEnabled: false
12:40:50.185 [FXGL Background Thread 3 ] DEBUG Engine               - isManualResizeEnabled: false
12:40:50.185 [FXGL Background Thread 3 ] DEBUG Engine               - isMobile: false
12:40:50.185 [FXGL Background Thread 3 ] DEBUG Engine               - isNative: false
12:40:50.185 [FXGL Background Thread 3 ] DEBUG Engine               - isPauseMusicWhenMinimized: true
12:40:50.185 [FXGL Background Thread 3 ] DEBUG Engine               - isPreserveResizeRatio: false
12:40:50.185 [FXGL Background Thread 3 ] DEBUG Engine               - isProfilingEnabled: false
12:40:50.185 [FXGL Background Thread 3 ] DEBUG Engine               - isScaleAffectedOnResize: true
12:40:50.185 [FXGL Background Thread 3 ] DEBUG Engine               - isSingleStep: false
12:40:50.185 [FXGL Background Thread 3 ] DEBUG Engine               - isUserProfileEnabled: false
12:40:50.185 [FXGL Background Thread 3 ] DEBUG Engine               - isWindows: true
12:40:50.185 [FXGL Background Thread 3 ] DEBUG Engine               - language: ObjectProperty [value: ENGLISH]
12:40:50.185 [FXGL Background Thread 3 ] DEBUG Engine               - menuKey: ESCAPE
12:40:50.185 [FXGL Background Thread 3 ] DEBUG Engine               - mouseSensitivity: 0.2
12:40:50.185 [FXGL Background Thread 3 ] DEBUG Engine               - notificationViewClass: class com.almasb.fxgl.notification.view.XboxNotificationView
12:40:50.185 [FXGL Background Thread 3 ] DEBUG Engine               - pixelsPerMeter: 50.0
12:40:50.185 [FXGL Background Thread 3 ] DEBUG Engine               - platform: WINDOWS
12:40:50.185 [FXGL Background Thread 3 ] DEBUG Engine               - prefHeightProperty: ReadOnlyDoubleProperty [value: 600.0]
12:40:50.185 [FXGL Background Thread 3 ] DEBUG Engine               - prefWidthProperty: ReadOnlyDoubleProperty [value: 800.0]
12:40:50.185 [FXGL Background Thread 3 ] DEBUG Engine               - profileDir: profiles/
12:40:50.185 [FXGL Background Thread 3 ] DEBUG Engine               - profileName: StringProperty [value: DEFAULT]
12:40:50.185 [FXGL Background Thread 3 ] DEBUG Engine               - randomSeed: -1
12:40:50.186 [FXGL Background Thread 3 ] DEBUG Engine               - runtimeInfo: RuntimeInfo(platform=WINDOWS, version=21, build=28.12.2023 13.35)
12:40:50.186 [FXGL Background Thread 3 ] DEBUG Engine               - saveFileExt: sav
12:40:50.186 [FXGL Background Thread 3 ] DEBUG Engine               - scaledHeightProp$fxgl: DoubleProperty [bound, value: 600.0]
12:40:50.186 [FXGL Background Thread 3 ] DEBUG Engine               - scaledWidthProp$fxgl: DoubleProperty [bound, value: 800.0]
12:40:50.186 [FXGL Background Thread 3 ] DEBUG Engine               - sceneFactory: com.almasb.fxgl.app.scene.SceneFactory@374e56d5
12:40:50.186 [FXGL Background Thread 3 ] DEBUG Engine               - secondsIn24h: 60
12:40:50.186 [FXGL Background Thread 3 ] DEBUG Engine               - soundMenuBack: menu/back.wav
12:40:50.186 [FXGL Background Thread 3 ] DEBUG Engine               - soundMenuPress: menu/press.wav
12:40:50.186 [FXGL Background Thread 3 ] DEBUG Engine               - soundMenuSelect: menu/select.wav
12:40:50.186 [FXGL Background Thread 3 ] DEBUG Engine               - soundNotification: core/notification.wav
12:40:50.186 [FXGL Background Thread 3 ] DEBUG Engine               - stageStyle: DECORATED
12:40:50.186 [FXGL Background Thread 3 ] DEBUG Engine               - supportedLanguages: [ENGLISH, FRENCH, GERMAN, HUNGARIAN, RUSSIAN]
12:40:50.186 [FXGL Background Thread 3 ] DEBUG Engine               - ticksPerSecond: -1
12:40:50.186 [FXGL Background Thread 3 ] DEBUG Engine               - title: Untitled
12:40:50.186 [FXGL Background Thread 3 ] DEBUG Engine               - urlGithub: https://github.com/AlmasB/FXGL
12:40:50.186 [FXGL Background Thread 3 ] DEBUG Engine               - urlLeaderboard: http://fxgl-top.herokuapp.com/
12:40:50.186 [FXGL Background Thread 3 ] DEBUG Engine               - urlPOM: https://raw.githubusercontent.com/AlmasB/FXGL/release/README.md
12:40:50.186 [FXGL Background Thread 3 ] DEBUG Engine               - userAppClass: class G12.main.App
12:40:50.186 [FXGL Background Thread 3 ] DEBUG Engine               - version: 0.0
12:40:50.186 [FXGL Background Thread 3 ] DEBUG Engine               - versionCheckDays: 7
12:40:50.187 [FXGL Background Thread 3 ] DEBUG Engine               - width: 800
12:40:50.187 [FXGL Background Thread 3 ] DEBUG Engine               - Logging services
12:40:50.187 [FXGL Background Thread 3 ] DEBUG Engine               - class com.almasb.fxgl.app.services.FXGLAssetLoaderService
12:40:50.187 [FXGL Background Thread 3 ] DEBUG Engine               - class com.almasb.fxgl.app.FXGLApplication$GameApplicationService
12:40:50.187 [FXGL Background Thread 3 ] DEBUG Engine               - class com.almasb.fxgl.app.services.FXGLDialogService
12:40:50.187 [FXGL Background Thread 3 ] DEBUG Engine               - class com.almasb.fxgl.app.services.IOTaskExecutorService
12:40:50.187 [FXGL Background Thread 3 ] DEBUG Engine               - class com.almasb.fxgl.io.FileSystemService
12:40:50.187 [FXGL Background Thread 3 ] DEBUG Engine               - class com.almasb.fxgl.localization.LocalizationService
12:40:50.187 [FXGL Background Thread 3 ] DEBUG Engine               - class com.almasb.fxgl.app.services.SystemBundleService
12:40:50.187 [FXGL Background Thread 3 ] DEBUG Engine               - class com.almasb.fxgl.profile.SaveLoadService
12:40:50.187 [FXGL Background Thread 3 ] DEBUG Engine               - class com.almasb.fxgl.ui.FXGLUIFactoryServiceProvider
12:40:50.187 [FXGL Background Thread 3 ] DEBUG Engine               - class com.almasb.fxgl.ui.FXGLDialogFactoryServiceProvider
12:40:50.187 [FXGL Background Thread 3 ] DEBUG Engine               - class com.almasb.fxgl.audio.AudioPlayer
12:40:50.187 [FXGL Background Thread 3 ] DEBUG Engine               - class com.almasb.fxgl.notification.impl.NotificationServiceProvider
12:40:50.187 [FXGL Background Thread 3 ] DEBUG Engine               - class com.almasb.fxgl.achievement.AchievementService
12:40:50.187 [FXGL Background Thread 3 ] DEBUG Engine               - class com.almasb.fxgl.cutscene.CutsceneService
12:40:50.187 [FXGL Background Thread 3 ] DEBUG Engine               - class com.almasb.fxgl.minigames.MiniGameService
12:40:50.187 [FXGL Background Thread 3 ] DEBUG Engine               - class com.almasb.fxgl.net.NetService
12:40:50.187 [FXGL Background Thread 3 ] DEBUG Engine               - class com.almasb.fxgl.app.services.UpdaterService
12:40:50.187 [FXGL Background Thread 3 ] DEBUG Engine               - class com.almasb.fxgl.dev.DevService
12:40:56.248 [JavaFX Application Thread] DEBUG FXGLApplication      - Exiting FXGL
12:40:56.248 [JavaFX Application Thread] DEBUG LoopRunner           - Stopping loop
12:40:56.248 [JavaFX Application Thread] DEBUG SystemBundleService  - Saving FXGL system data
12:40:56.249 [JavaFX Application Thread] DEBUG FileSystemAccess     - Writing to: C:\Users\mads2\OneDrive - Danmarks Tekniske Universitet\5. Semester\Distributed Applications\IntelliJ-Workspace\MultiplayerTD\system\fxgl.bundle
12:40:56.252 [JavaFX Application Thread] DEBUG Async                - Shutting down background threads
12:40:56.252 [JavaFX Application Thread] DEBUG PrimaryStageWindow   - Closing main window
12:40:56.262 [JavaFX Application Thread] DEBUG Logger               - Closing Logger
